2023-09-28 11:50:13,890 [1] INFO Microsoft.Hosting.Lifetime - Now listening on: https://localhost:59363
2023-09-28 11:50:13,902 [1] INFO Microsoft.Hosting.Lifetime - Now listening on: http://localhost:59364
2023-09-28 11:50:13,910 [1] INFO Microsoft.Hosting.Lifetime - Application started. Press Ctrl+C to shut down.
2023-09-28 11:50:13,913 [1] INFO Microsoft.Hosting.Lifetime - Hosting environment: Development
2023-09-28 11:50:13,914 [1] INFO Microsoft.Hosting.Lifetime - Content root path: C:\Users\amarnath.CHN\Downloads\autopasapi (3)\autopasapi\AutoPAS\AutoPASAPI\
2023-09-28 11:50:32,552 [18] ERROR Microsoft.EntityFrameworkCore.Database.Connection - An error occurred using the connection to database 'apas' on server '127.0.0.1'.
2023-09-28 11:50:32,818 [18] ERROR Microsoft.EntityFrameworkCore.Query - An exception occurred while iterating over the results of a query for context type 'AutoPASSL.APASDBContext'.
MySqlConnector.MySqlException (0x80004005): Access denied for user 'root'@'localhost' (using password: YES)
   at MySqlConnector.Core.ServerSession.ConnectAsync(ConnectionSettings cs, MySqlConnection connection, Int32 startTickCount, ILoadBalancer loadBalancer, Activity activity, IOBehavior ioBehavior, CancellationToken cancellationToken) in /_/src/MySqlConnector/Core/ServerSession.cs:line 559
   at MySqlConnector.Core.ConnectionPool.ConnectSessionAsync(MySqlConnection connection, Action`4 logMessage, Int32 startTickCount, Activity activity, IOBehavior ioBehavior, CancellationToken cancellationToken) in /_/src/MySqlConnector/Core/ConnectionPool.cs:line 401
   at MySqlConnector.Core.ConnectionPool.ConnectSessionAsync(MySqlConnection connection, Action`4 logMessage, Int32 startTickCount, Activity activity, IOBehavior ioBehavior, CancellationToken cancellationToken) in /_/src/MySqlConnector/Core/ConnectionPool.cs:line 406
   at MySqlConnector.Core.ConnectionPool.GetSessionAsync(MySqlConnection connection, Int32 startTickCount, Activity activity, IOBehavior ioBehavior, CancellationToken cancellationToken) in /_/src/MySqlConnector/Core/ConnectionPool.cs:line 98
   at MySqlConnector.Core.ConnectionPool.GetSessionAsync(MySqlConnection connection, Int32 startTickCount, Activity activity, IOBehavior ioBehavior, CancellationToken cancellationToken) in /_/src/MySqlConnector/Core/ConnectionPool.cs:line 127
   at MySqlConnector.MySqlConnection.CreateSessionAsync(ConnectionPool pool, Int32 startTickCount, Activity activity, Nullable`1 ioBehavior, CancellationToken cancellationToken) in /_/src/MySqlConnector/MySqlConnection.cs:line 910
   at MySqlConnector.MySqlConnection.OpenAsync(Nullable`1 ioBehavior, CancellationToken cancellationToken) in /_/src/MySqlConnector/MySqlConnection.cs:line 426
   at Microsoft.EntityFrameworkCore.Storage.RelationalConnection.OpenInternalAsync(Boolean errorsExpected, CancellationToken cancellationToken)
   at Microsoft.EntityFrameworkCore.Storage.RelationalConnection.OpenInternalAsync(Boolean errorsExpected, CancellationToken cancellationToken)
   at Microsoft.EntityFrameworkCore.Storage.RelationalConnection.OpenAsync(CancellationToken cancellationToken, Boolean errorsExpected)
   at Pomelo.EntityFrameworkCore.MySql.Storage.Internal.MySqlRelationalConnection.OpenAsync(CancellationToken cancellationToken, Boolean errorsExpected)
   at Microsoft.EntityFrameworkCore.Storage.RelationalCommand.ExecuteReaderAsync(RelationalCommandParameterObject parameterObject, CancellationToken cancellationToken)
   at Microsoft.EntityFrameworkCore.Query.Internal.SingleQueryingEnumerable`1.AsyncEnumerator.InitializeReaderAsync(AsyncEnumerator enumerator, CancellationToken cancellationToken)
   at Pomelo.EntityFrameworkCore.MySql.Storage.Internal.MySqlExecutionStrategy.ExecuteAsync[TState,TResult](TState state, Func`4 operation, Func`4 verifySucceeded, CancellationToken cancellationToken)
   at Microsoft.EntityFrameworkCore.Query.Internal.SingleQueryingEnumerable`1.AsyncEnumerator.MoveNextAsync()
MySqlConnector.MySqlException (0x80004005): Access denied for user 'root'@'localhost' (using password: YES)
   at MySqlConnector.Core.ServerSession.ConnectAsync(ConnectionSettings cs, MySqlConnection connection, Int32 startTickCount, ILoadBalancer loadBalancer, Activity activity, IOBehavior ioBehavior, CancellationToken cancellationToken) in /_/src/MySqlConnector/Core/ServerSession.cs:line 559
   at MySqlConnector.Core.ConnectionPool.ConnectSessionAsync(MySqlConnection connection, Action`4 logMessage, Int32 startTickCount, Activity activity, IOBehavior ioBehavior, CancellationToken cancellationToken) in /_/src/MySqlConnector/Core/ConnectionPool.cs:line 401
   at MySqlConnector.Core.ConnectionPool.ConnectSessionAsync(MySqlConnection connection, Action`4 logMessage, Int32 startTickCount, Activity activity, IOBehavior ioBehavior, CancellationToken cancellationToken) in /_/src/MySqlConnector/Core/ConnectionPool.cs:line 406
   at MySqlConnector.Core.ConnectionPool.GetSessionAsync(MySqlConnection connection, Int32 startTickCount, Activity activity, IOBehavior ioBehavior, CancellationToken cancellationToken) in /_/src/MySqlConnector/Core/ConnectionPool.cs:line 98
   at MySqlConnector.Core.ConnectionPool.GetSessionAsync(MySqlConnection connection, Int32 startTickCount, Activity activity, IOBehavior ioBehavior, CancellationToken cancellationToken) in /_/src/MySqlConnector/Core/ConnectionPool.cs:line 127
   at MySqlConnector.MySqlConnection.CreateSessionAsync(ConnectionPool pool, Int32 startTickCount, Activity activity, Nullable`1 ioBehavior, CancellationToken cancellationToken) in /_/src/MySqlConnector/MySqlConnection.cs:line 910
   at MySqlConnector.MySqlConnection.OpenAsync(Nullable`1 ioBehavior, CancellationToken cancellationToken) in /_/src/MySqlConnector/MySqlConnection.cs:line 426
   at Microsoft.EntityFrameworkCore.Storage.RelationalConnection.OpenInternalAsync(Boolean errorsExpected, CancellationToken cancellationToken)
   at Microsoft.EntityFrameworkCore.Storage.RelationalConnection.OpenInternalAsync(Boolean errorsExpected, CancellationToken cancellationToken)
   at Microsoft.EntityFrameworkCore.Storage.RelationalConnection.OpenAsync(CancellationToken cancellationToken, Boolean errorsExpected)
   at Pomelo.EntityFrameworkCore.MySql.Storage.Internal.MySqlRelationalConnection.OpenAsync(CancellationToken cancellationToken, Boolean errorsExpected)
   at Microsoft.EntityFrameworkCore.Storage.RelationalCommand.ExecuteReaderAsync(RelationalCommandParameterObject parameterObject, CancellationToken cancellationToken)
   at Microsoft.EntityFrameworkCore.Query.Internal.SingleQueryingEnumerable`1.AsyncEnumerator.InitializeReaderAsync(AsyncEnumerator enumerator, CancellationToken cancellationToken)
   at Pomelo.EntityFrameworkCore.MySql.Storage.Internal.MySqlExecutionStrategy.ExecuteAsync[TState,TResult](TState state, Func`4 operation, Func`4 verifySucceeded, CancellationToken cancellationToken)
   at Microsoft.EntityFrameworkCore.Query.Internal.SingleQueryingEnumerable`1.AsyncEnumerator.MoveNextAsync()
2023-09-28 11:50:32,951 [18] INFO AutoPASAPI.Controllers.BodyTypeController - Error in function GetAllBodyType
2023-09-28 11:50:33,030 [18] ERROR Microsoft.AspNetCore.Diagnostics.DeveloperExceptionPageMiddleware - An unhandled exception has occurred while executing the request.
System.NotSupportedException: Serialization and deserialization of 'System.Reflection.MethodBase' instances are not supported. Path: $.TargetSite.
 ---> System.NotSupportedException: Serialization and deserialization of 'System.Reflection.MethodBase' instances are not supported.
   at System.Text.Json.Serialization.Converters.UnsupportedTypeConverter`1.Write(Utf8JsonWriter writer, T value, JsonSerializerOptions options)
   at System.Text.Json.Serialization.JsonConverter`1.TryWrite(Utf8JsonWriter writer, T& value, JsonSerializerOptions options, WriteStack& state)
   at System.Text.Json.Serialization.Metadata.JsonPropertyInfo`1.GetMemberAndWriteJson(Object obj, WriteStack& state, Utf8JsonWriter writer)
   at System.Text.Json.Serialization.Converters.ObjectDefaultConverter`1.OnTryWrite(Utf8JsonWriter writer, T value, JsonSerializerOptions options, WriteStack& state)
   at System.Text.Json.Serialization.JsonConverter`1.TryWrite(Utf8JsonWriter writer, T& value, JsonSerializerOptions options, WriteStack& state)
   at System.Text.Json.Serialization.JsonConverter`1.WriteCore(Utf8JsonWriter writer, T& value, JsonSerializerOptions options, WriteStack& state)
   --- End of inner exception stack trace ---
   at System.Text.Json.ThrowHelper.ThrowNotSupportedException(WriteStack& state, NotSupportedException ex)
   at System.Text.Json.Serialization.JsonConverter`1.WriteCore(Utf8JsonWriter writer, T& value, JsonSerializerOptions options, WriteStack& state)
   at System.Text.Json.Serialization.JsonConverter`1.WriteCoreAsObject(Utf8JsonWriter writer, Object value, JsonSerializerOptions options, WriteStack& state)
   at System.Text.Json.JsonSerializer.WriteCore[TValue](Utf8JsonWriter writer, TValue& value, JsonTypeInfo jsonTypeInfo, WriteStack& state)
   at System.Text.Json.JsonSerializer.WriteStreamAsync[TValue](Stream utf8Json, TValue value, JsonTypeInfo jsonTypeInfo, CancellationToken cancellationToken)
   at System.Text.Json.JsonSerializer.WriteStreamAsync[TValue](Stream utf8Json, TValue value, JsonTypeInfo jsonTypeInfo, CancellationToken cancellationToken)
   at System.Text.Json.JsonSerializer.WriteStreamAsync[TValue](Stream utf8Json, TValue value, JsonTypeInfo jsonTypeInfo, CancellationToken cancellationToken)
   at Microsoft.AspNetCore.Mvc.Formatters.SystemTextJsonOutputFormatter.WriteResponseBodyAsync(OutputFormatterWriteContext context, Encoding selectedEncoding)
   at Microsoft.AspNetCore.Mvc.Infrastructure.ResourceInvoker.<InvokeNextResultFilterAsync>g__Awaited|30_0[TFilter,TFilterAsync](ResourceInvoker invoker, Task lastTask, State next, Scope scope, Object state, Boolean isCompleted)
   at Microsoft.AspNetCore.Mvc.Infrastructure.ResourceInvoker.Rethrow(ResultExecutedContextSealed context)
   at Microsoft.AspNetCore.Mvc.Infrastructure.ResourceInvoker.ResultNext[TFilter,TFilterAsync](State& next, Scope& scope, Object& state, Boolean& isCompleted)
   at Microsoft.AspNetCore.Mvc.Infrastructure.ResourceInvoker.InvokeResultFilters()
--- End of stack trace from previous location ---
   at Microsoft.AspNetCore.Mvc.Infrastructure.ResourceInvoker.<InvokeFilterPipelineAsync>g__Awaited|20_0(ResourceInvoker invoker, Task lastTask, State next, Scope scope, Object state, Boolean isCompleted)
   at Microsoft.AspNetCore.Mvc.Infrastructure.ResourceInvoker.<InvokeAsync>g__Awaited|17_0(ResourceInvoker invoker, Task task, IDisposable scope)
   at Microsoft.AspNetCore.Mvc.Infrastructure.ResourceInvoker.<InvokeAsync>g__Awaited|17_0(ResourceInvoker invoker, Task task, IDisposable scope)
   at Microsoft.AspNetCore.Routing.EndpointMiddleware.<Invoke>g__AwaitRequestTask|6_0(Endpoint endpoint, Task requestTask, ILogger logger)
   at Microsoft.AspNetCore.Authorization.AuthorizationMiddleware.Invoke(HttpContext context)
   at Microsoft.AspNetCore.Session.SessionMiddleware.Invoke(HttpContext context)
   at Microsoft.AspNetCore.Session.SessionMiddleware.Invoke(HttpContext context)
   at Swashbuckle.AspNetCore.SwaggerUI.SwaggerUIMiddleware.Invoke(HttpContext httpContext)
   at Swashbuckle.AspNetCore.Swagger.SwaggerMiddleware.Invoke(HttpContext httpContext, ISwaggerProvider swaggerProvider)
   at Microsoft.AspNetCore.Diagnostics.DeveloperExceptionPageMiddleware.Invoke(HttpContext context)
2023-09-28 11:51:47,478 [1] INFO Microsoft.Hosting.Lifetime - Now listening on: https://localhost:59363
2023-09-28 11:51:47,490 [1] INFO Microsoft.Hosting.Lifetime - Now listening on: http://localhost:59364
2023-09-28 11:51:47,497 [1] INFO Microsoft.Hosting.Lifetime - Application started. Press Ctrl+C to shut down.
2023-09-28 11:51:47,499 [1] INFO Microsoft.Hosting.Lifetime - Hosting environment: Development
2023-09-28 11:51:47,501 [1] INFO Microsoft.Hosting.Lifetime - Content root path: C:\Users\amarnath.CHN\Downloads\autopasapi (3)\autopasapi\AutoPAS\AutoPASAPI\
2023-09-28 11:51:59,185 [8] INFO Microsoft.EntityFrameworkCore.Database.Command - Executed DbCommand (75ms) [Parameters=[], CommandType='Text', CommandTimeout='30']
SELECT `b`.`BodyTypeId`, `b`.`BodyType`, `b`.`Description`, `b`.`IsActive`
FROM `bodyType` AS `b`
2023-09-28 11:57:52,930 [1] INFO Microsoft.Hosting.Lifetime - Now listening on: https://localhost:59363
2023-09-28 11:57:52,942 [1] INFO Microsoft.Hosting.Lifetime - Now listening on: http://localhost:59364
2023-09-28 11:57:52,950 [1] INFO Microsoft.Hosting.Lifetime - Application started. Press Ctrl+C to shut down.
2023-09-28 11:57:52,952 [1] INFO Microsoft.Hosting.Lifetime - Hosting environment: Development
2023-09-28 11:57:52,955 [1] INFO Microsoft.Hosting.Lifetime - Content root path: C:\Users\amarnath.CHN\Downloads\autopasapi (3)\autopasapi\AutoPAS\AutoPASAPI\
2023-09-28 11:58:28,712 [1] INFO Microsoft.Hosting.Lifetime - Now listening on: https://localhost:59363
2023-09-28 11:58:28,725 [1] INFO Microsoft.Hosting.Lifetime - Now listening on: http://localhost:59364
2023-09-28 11:58:28,732 [1] INFO Microsoft.Hosting.Lifetime - Application started. Press Ctrl+C to shut down.
2023-09-28 11:58:28,734 [1] INFO Microsoft.Hosting.Lifetime - Hosting environment: Development
2023-09-28 11:58:28,736 [1] INFO Microsoft.Hosting.Lifetime - Content root path: C:\Users\amarnath.CHN\Downloads\autopasapi (3)\autopasapi\AutoPAS\AutoPASAPI\
2023-09-28 12:05:07,169 [1] INFO Microsoft.Hosting.Lifetime - Now listening on: https://localhost:59363
2023-09-28 12:05:07,182 [1] INFO Microsoft.Hosting.Lifetime - Now listening on: http://localhost:59364
2023-09-28 12:05:07,189 [1] INFO Microsoft.Hosting.Lifetime - Application started. Press Ctrl+C to shut down.
2023-09-28 12:05:07,191 [1] INFO Microsoft.Hosting.Lifetime - Hosting environment: Development
2023-09-28 12:05:07,192 [1] INFO Microsoft.Hosting.Lifetime - Content root path: C:\Users\amarnath.CHN\Downloads\autopasapi (3)\autopasapi\AutoPAS\AutoPASAPI\
2023-09-28 12:07:46,525 [1] INFO Microsoft.Hosting.Lifetime - Now listening on: https://localhost:59363
2023-09-28 12:07:46,540 [1] INFO Microsoft.Hosting.Lifetime - Now listening on: http://localhost:59364
2023-09-28 12:07:46,548 [1] INFO Microsoft.Hosting.Lifetime - Application started. Press Ctrl+C to shut down.
2023-09-28 12:07:46,551 [1] INFO Microsoft.Hosting.Lifetime - Hosting environment: Development
2023-09-28 12:07:46,553 [1] INFO Microsoft.Hosting.Lifetime - Content root path: C:\Users\amarnath.CHN\Downloads\autopasapi (3)\autopasapi\AutoPAS\AutoPASAPI\
2023-09-28 12:08:03,585 [18] INFO Microsoft.EntityFrameworkCore.Database.Command - Executed DbCommand (76ms) [Parameters=[], CommandType='Text', CommandTimeout='30']
SELECT `m`.`Name`, `m`.`Description`, `m`.`Fields`
FROM `master_table_list` AS `m`
2023-09-28 12:10:17,347 [1] INFO Microsoft.Hosting.Lifetime - Now listening on: https://localhost:59363
2023-09-28 12:10:17,359 [1] INFO Microsoft.Hosting.Lifetime - Now listening on: http://localhost:59364
2023-09-28 12:10:17,365 [1] INFO Microsoft.Hosting.Lifetime - Application started. Press Ctrl+C to shut down.
2023-09-28 12:10:17,366 [1] INFO Microsoft.Hosting.Lifetime - Hosting environment: Development
2023-09-28 12:10:17,367 [1] INFO Microsoft.Hosting.Lifetime - Content root path: C:\Users\amarnath.CHN\Downloads\autopasapi (3)\autopasapi\AutoPAS\AutoPASAPI\
2023-09-28 12:14:59,172 [1] INFO Microsoft.Hosting.Lifetime - Now listening on: https://localhost:59363
2023-09-28 12:14:59,192 [1] INFO Microsoft.Hosting.Lifetime - Now listening on: http://localhost:59364
2023-09-28 12:14:59,204 [1] INFO Microsoft.Hosting.Lifetime - Application started. Press Ctrl+C to shut down.
2023-09-28 12:14:59,207 [1] INFO Microsoft.Hosting.Lifetime - Hosting environment: Development
2023-09-28 12:14:59,209 [1] INFO Microsoft.Hosting.Lifetime - Content root path: C:\Users\amarnath.CHN\Downloads\autopasapi (3)\autopasapi\AutoPAS\AutoPASAPI\
2023-09-28 12:21:46,741 [1] INFO Microsoft.Hosting.Lifetime - Now listening on: https://localhost:59363
2023-09-28 12:21:46,759 [1] INFO Microsoft.Hosting.Lifetime - Now listening on: http://localhost:59364
2023-09-28 12:21:46,765 [1] INFO Microsoft.Hosting.Lifetime - Application started. Press Ctrl+C to shut down.
2023-09-28 12:21:46,771 [1] INFO Microsoft.Hosting.Lifetime - Hosting environment: Development
2023-09-28 12:21:46,773 [1] INFO Microsoft.Hosting.Lifetime - Content root path: D:\INS\AUTOPAS\AutoPASAPI\autopasapi\AutoPAS\AutoPASAPI\
2023-09-28 12:22:18,764 [16] WARN Microsoft.EntityFrameworkCore.Query - The query uses a row limiting operator ('Skip'/'Take') without an 'OrderBy' operator. This may lead to unpredictable results. If the 'Distinct' operator is used after 'OrderBy', then make sure to use the 'OrderBy' operator after 'Distinct' as the ordering would otherwise get erased.
2023-09-28 12:22:18,769 [16] WARN Microsoft.EntityFrameworkCore.Query - The query uses a row limiting operator ('Skip'/'Take') without an 'OrderBy' operator. This may lead to unpredictable results. If the 'Distinct' operator is used after 'OrderBy', then make sure to use the 'OrderBy' operator after 'Distinct' as the ordering would otherwise get erased.
2023-09-28 12:22:19,200 [12] INFO Microsoft.EntityFrameworkCore.Database.Command - Executed DbCommand (100ms) [Parameters=[@__p_1='?' (DbType = Int32), @__p_0='?' (DbType = Int32)], CommandType='Text', CommandTimeout='30']
SELECT `p`.`PolicyId`, `p`.`AppUserId`, `p`.`CGST`, `p`.`EligibleForNCB`, `p`.`IGST`, `p`.`PaymentType`, `p`.`PolicyEffectiveDt`, `p`.`PolicyExpirationDt`, `p`.`PolicyNumber`, `p`.`QuoteNumber`, `p`.`RateDt`, `p`.`ReceiptNumber`, `p`.`SGST`, `p`.`Status`, `p`.`Term`, `p`.`TotalFees`, `p`.`TotalPremium`
FROM `policy` AS `p`
LIMIT @__p_1 OFFSET @__p_0
2023-09-28 12:22:19,373 [6] INFO Microsoft.EntityFrameworkCore.Database.Command - Executed DbCommand (8ms) [Parameters=[], CommandType='Text', CommandTimeout='30']
SELECT `m`.`Name`, `m`.`Description`, `m`.`Fields`
FROM `master_table_list` AS `m`
2023-09-28 12:22:19,555 [19] INFO Microsoft.EntityFrameworkCore.Database.Command - Executed DbCommand (3ms) [Parameters=[], CommandType='Text', CommandTimeout='30']
SELECT COUNT(*)
FROM `policy` AS `p`
2023-09-28 12:22:24,071 [6] INFO Microsoft.EntityFrameworkCore.Database.Command - Executed DbCommand (1ms) [Parameters=[], CommandType='Text', CommandTimeout='30']
SELECT `b`.`BodyTypeId`, `b`.`BodyType`, `b`.`Description`, `b`.`IsActive`
FROM `bodyType` AS `b`
2023-09-28 12:23:25,677 [12] INFO Microsoft.EntityFrameworkCore.Database.Command - Executed DbCommand (2ms) [Parameters=[], CommandType='Text', CommandTimeout='30']
SELECT `b`.`BodyTypeId`, `b`.`BodyType`, `b`.`Description`, `b`.`IsActive`
FROM `bodyType` AS `b`
2023-09-28 12:23:28,543 [16] INFO Microsoft.EntityFrameworkCore.Database.Command - Executed DbCommand (2ms) [Parameters=[], CommandType='Text', CommandTimeout='30']
SELECT `m`.`Name`, `m`.`Description`, `m`.`Fields`
FROM `master_table_list` AS `m`
2023-09-28 12:23:29,794 [20] INFO Microsoft.EntityFrameworkCore.Database.Command - Executed DbCommand (4ms) [Parameters=[], CommandType='Text', CommandTimeout='30']
SELECT `b`.`BrandId`, `b`.`Brand`, `b`.`Description`, `b`.`IsActive`, `b`.`SortOrder`, `b`.`VehicleTypeId`
FROM `brand` AS `b`
2023-09-28 12:24:45,727 [1] INFO Microsoft.Hosting.Lifetime - Now listening on: https://localhost:59363
2023-09-28 12:24:45,739 [1] INFO Microsoft.Hosting.Lifetime - Now listening on: http://localhost:59364
2023-09-28 12:24:45,746 [1] INFO Microsoft.Hosting.Lifetime - Application started. Press Ctrl+C to shut down.
2023-09-28 12:24:45,749 [1] INFO Microsoft.Hosting.Lifetime - Hosting environment: Development
2023-09-28 12:24:45,750 [1] INFO Microsoft.Hosting.Lifetime - Content root path: D:\INS\AUTOPAS\AutoPASAPI\autopasapi\AutoPAS\AutoPASAPI\
2023-09-28 12:25:27,135 [17] INFO Microsoft.EntityFrameworkCore.Database.Command - Executed DbCommand (49ms) [Parameters=[], CommandType='Text', CommandTimeout='30']
SELECT `m`.`Name`, `m`.`Description`, `m`.`Fields`
FROM `master_table_list` AS `m`
2023-09-28 12:25:28,947 [18] INFO Microsoft.EntityFrameworkCore.Database.Command - Executed DbCommand (9ms) [Parameters=[], CommandType='Text', CommandTimeout='30']
SELECT `b`.`BodyTypeId`, `b`.`BodyType`, `b`.`Description`, `b`.`IsActive`
FROM `bodyType` AS `b`
2023-09-28 12:27:13,538 [26] INFO Microsoft.EntityFrameworkCore.Database.Command - Executed DbCommand (18ms) [Parameters=[], CommandType='Text', CommandTimeout='30']
SELECT `b`.`BodyTypeId`, `b`.`BodyType`, `b`.`Description`, `b`.`IsActive`
FROM `bodyType` AS `b`
2023-09-28 12:27:46,914 [27] INFO Microsoft.EntityFrameworkCore.Database.Command - Executed DbCommand (58ms) [Parameters=[@__id_0='?' (DbType = Int32)], CommandType='Text', CommandTimeout='30']
SELECT EXISTS (
    SELECT 1
    FROM `bodyType` AS `b`
    WHERE `b`.`BodyTypeId` = @__id_0)
2023-09-28 12:27:47,169 [19] INFO Microsoft.EntityFrameworkCore.Database.Command - Executed DbCommand (12ms) [Parameters=[@p0='?' (DbType = Int32), @p1='?' (Size = 4000), @p2='?' (Size = 4000), @p3='?' (DbType = Int32)], CommandType='Text', CommandTimeout='30']
SET AUTOCOMMIT = 1;
INSERT INTO `bodyType` (`BodyTypeId`, `BodyType`, `Description`, `IsActive`)
VALUES (@p0, @p1, @p2, @p3);
2023-09-28 12:27:53,168 [25] INFO Microsoft.EntityFrameworkCore.Database.Command - Executed DbCommand (2ms) [Parameters=[], CommandType='Text', CommandTimeout='30']
SELECT `b`.`BodyTypeId`, `b`.`BodyType`, `b`.`Description`, `b`.`IsActive`
FROM `bodyType` AS `b`
2023-09-28 12:28:08,736 [24] INFO Microsoft.EntityFrameworkCore.Database.Command - Executed DbCommand (3ms) [Parameters=[], CommandType='Text', CommandTimeout='30']
SELECT `b`.`BodyTypeId`, `b`.`BodyType`, `b`.`Description`, `b`.`IsActive`
FROM `bodyType` AS `b`
2023-09-28 12:28:12,449 [24] INFO Microsoft.EntityFrameworkCore.Database.Command - Executed DbCommand (2ms) [Parameters=[], CommandType='Text', CommandTimeout='30']
SELECT `b`.`BodyTypeId`, `b`.`BodyType`, `b`.`Description`, `b`.`IsActive`
FROM `bodyType` AS `b`
2023-09-28 12:28:14,121 [22] INFO Microsoft.EntityFrameworkCore.Database.Command - Executed DbCommand (0ms) [Parameters=[@__id_0='?' (DbType = Int32)], CommandType='Text', CommandTimeout='30']
SELECT EXISTS (
    SELECT 1
    FROM `bodyType` AS `b`
    WHERE `b`.`BodyTypeId` = @__id_0)
2023-09-28 12:28:14,168 [22] INFO Microsoft.EntityFrameworkCore.Database.Command - Executed DbCommand (0ms) [Parameters=[@__p_0='?' (DbType = Int32)], CommandType='Text', CommandTimeout='30']
SELECT `b`.`BodyTypeId`, `b`.`BodyType`, `b`.`Description`, `b`.`IsActive`
FROM `bodyType` AS `b`
WHERE `b`.`BodyTypeId` = @__p_0
LIMIT 1
2023-09-28 12:28:14,195 [22] INFO Microsoft.EntityFrameworkCore.Database.Command - Executed DbCommand (4ms) [Parameters=[@p0='?' (DbType = Int32)], CommandType='Text', CommandTimeout='30']
SET AUTOCOMMIT = 1;
DELETE FROM `bodyType`
WHERE `BodyTypeId` = @p0;
SELECT ROW_COUNT();
2023-09-28 12:28:14,241 [26] INFO Microsoft.EntityFrameworkCore.Database.Command - Executed DbCommand (1ms) [Parameters=[], CommandType='Text', CommandTimeout='30']
SELECT `m`.`Name`, `m`.`Description`, `m`.`Fields`
FROM `master_table_list` AS `m`
2023-09-28 12:28:15,982 [27] INFO Microsoft.EntityFrameworkCore.Database.Command - Executed DbCommand (2ms) [Parameters=[], CommandType='Text', CommandTimeout='30']
SELECT `b`.`BodyTypeId`, `b`.`BodyType`, `b`.`Description`, `b`.`IsActive`
FROM `bodyType` AS `b`
2023-09-28 12:28:21,811 [29] INFO Microsoft.EntityFrameworkCore.Database.Command - Executed DbCommand (0ms) [Parameters=[@__id_0='?' (DbType = Int32)], CommandType='Text', CommandTimeout='30']
SELECT EXISTS (
    SELECT 1
    FROM `bodyType` AS `b`
    WHERE `b`.`BodyTypeId` = @__id_0)
2023-09-28 12:28:21,822 [27] INFO Microsoft.EntityFrameworkCore.Database.Command - Executed DbCommand (3ms) [Parameters=[@p0='?' (DbType = Int32), @p1='?' (Size = 4000), @p2='?' (Size = 4000), @p3='?' (DbType = Int32)], CommandType='Text', CommandTimeout='30']
SET AUTOCOMMIT = 1;
INSERT INTO `bodyType` (`BodyTypeId`, `BodyType`, `Description`, `IsActive`)
VALUES (@p0, @p1, @p2, @p3);
2023-09-28 12:28:28,980 [26] INFO Microsoft.EntityFrameworkCore.Database.Command - Executed DbCommand (2ms) [Parameters=[], CommandType='Text', CommandTimeout='30']
SELECT `m`.`Name`, `m`.`Description`, `m`.`Fields`
FROM `master_table_list` AS `m`
2023-09-28 12:28:30,301 [29] INFO Microsoft.EntityFrameworkCore.Database.Command - Executed DbCommand (2ms) [Parameters=[], CommandType='Text', CommandTimeout='30']
SELECT `b`.`BodyTypeId`, `b`.`BodyType`, `b`.`Description`, `b`.`IsActive`
FROM `bodyType` AS `b`
2023-09-28 12:29:48,200 [25] INFO Microsoft.EntityFrameworkCore.Database.Command - Executed DbCommand (1ms) [Parameters=[], CommandType='Text', CommandTimeout='30']
SELECT `m`.`Name`, `m`.`Description`, `m`.`Fields`
FROM `master_table_list` AS `m`
2023-09-28 12:29:49,558 [28] INFO Microsoft.EntityFrameworkCore.Database.Command - Executed DbCommand (6ms) [Parameters=[], CommandType='Text', CommandTimeout='30']
SELECT `b`.`BodyTypeId`, `b`.`BodyType`, `b`.`Description`, `b`.`IsActive`
FROM `bodyType` AS `b`
2023-09-28 12:30:35,731 [14] INFO Microsoft.EntityFrameworkCore.Database.Command - Executed DbCommand (2ms) [Parameters=[], CommandType='Text', CommandTimeout='30']
SELECT `m`.`Name`, `m`.`Description`, `m`.`Fields`
FROM `master_table_list` AS `m`
2023-09-28 12:30:36,901 [27] INFO Microsoft.EntityFrameworkCore.Database.Command - Executed DbCommand (9ms) [Parameters=[], CommandType='Text', CommandTimeout='30']
SELECT `b`.`BodyTypeId`, `b`.`BodyType`, `b`.`Description`, `b`.`IsActive`
FROM `bodyType` AS `b`
2023-09-28 12:31:09,146 [26] INFO Microsoft.EntityFrameworkCore.Database.Command - Executed DbCommand (13ms) [Parameters=[], CommandType='Text', CommandTimeout='30']
SELECT `m`.`Name`, `m`.`Description`, `m`.`Fields`
FROM `master_table_list` AS `m`
2023-09-28 12:31:10,224 [24] INFO Microsoft.EntityFrameworkCore.Database.Command - Executed DbCommand (3ms) [Parameters=[], CommandType='Text', CommandTimeout='30']
SELECT `b`.`BodyTypeId`, `b`.`BodyType`, `b`.`Description`, `b`.`IsActive`
FROM `bodyType` AS `b`
2023-09-28 12:33:53,450 [17] INFO Microsoft.EntityFrameworkCore.Database.Command - Executed DbCommand (2ms) [Parameters=[], CommandType='Text', CommandTimeout='30']
SELECT `m`.`Name`, `m`.`Description`, `m`.`Fields`
FROM `master_table_list` AS `m`
2023-09-28 12:33:54,480 [17] INFO Microsoft.EntityFrameworkCore.Database.Command - Executed DbCommand (2ms) [Parameters=[], CommandType='Text', CommandTimeout='30']
SELECT `b`.`BodyTypeId`, `b`.`BodyType`, `b`.`Description`, `b`.`IsActive`
FROM `bodyType` AS `b`
2023-09-28 12:33:54,820 [17] ERROR Microsoft.AspNetCore.Diagnostics.DeveloperExceptionPageMiddleware - An unhandled exception has occurred while executing the request.
System.MissingMethodException: Attempted to access a missing method.
   at AutoPASDML.bodyType.get_IsActive()
   at System.Text.Json.Serialization.Metadata.JsonPropertyInfo`1.GetMemberAndWriteJson(Object obj, WriteStack& state, Utf8JsonWriter writer)
   at System.Text.Json.Serialization.Converters.ObjectDefaultConverter`1.OnTryWrite(Utf8JsonWriter writer, T value, JsonSerializerOptions options, WriteStack& state)
   at System.Text.Json.Serialization.JsonConverter`1.TryWrite(Utf8JsonWriter writer, T& value, JsonSerializerOptions options, WriteStack& state)
   at System.Text.Json.Serialization.Converters.ListOfTConverter`2.OnWriteResume(Utf8JsonWriter writer, TCollection value, JsonSerializerOptions options, WriteStack& state)
   at System.Text.Json.Serialization.JsonCollectionConverter`2.OnTryWrite(Utf8JsonWriter writer, TCollection value, JsonSerializerOptions options, WriteStack& state)
   at System.Text.Json.Serialization.JsonConverter`1.TryWrite(Utf8JsonWriter writer, T& value, JsonSerializerOptions options, WriteStack& state)
   at System.Text.Json.Serialization.JsonConverter`1.WriteCore(Utf8JsonWriter writer, T& value, JsonSerializerOptions options, WriteStack& state)
   at System.Text.Json.Serialization.JsonConverter`1.WriteCoreAsObject(Utf8JsonWriter writer, Object value, JsonSerializerOptions options, WriteStack& state)
   at System.Text.Json.JsonSerializer.WriteCore[TValue](Utf8JsonWriter writer, TValue& value, JsonTypeInfo jsonTypeInfo, WriteStack& state)
   at System.Text.Json.JsonSerializer.WriteStreamAsync[TValue](Stream utf8Json, TValue value, JsonTypeInfo jsonTypeInfo, CancellationToken cancellationToken)
   at System.Text.Json.JsonSerializer.WriteStreamAsync[TValue](Stream utf8Json, TValue value, JsonTypeInfo jsonTypeInfo, CancellationToken cancellationToken)
   at System.Text.Json.JsonSerializer.WriteStreamAsync[TValue](Stream utf8Json, TValue value, JsonTypeInfo jsonTypeInfo, CancellationToken cancellationToken)
   at Microsoft.AspNetCore.Mvc.Formatters.SystemTextJsonOutputFormatter.WriteResponseBodyAsync(OutputFormatterWriteContext context, Encoding selectedEncoding)
   at Microsoft.AspNetCore.Mvc.Infrastructure.ResourceInvoker.<InvokeNextResultFilterAsync>g__Awaited|30_0[TFilter,TFilterAsync](ResourceInvoker invoker, Task lastTask, State next, Scope scope, Object state, Boolean isCompleted)
   at Microsoft.AspNetCore.Mvc.Infrastructure.ResourceInvoker.Rethrow(ResultExecutedContextSealed context)
   at Microsoft.AspNetCore.Mvc.Infrastructure.ResourceInvoker.ResultNext[TFilter,TFilterAsync](State& next, Scope& scope, Object& state, Boolean& isCompleted)
   at Microsoft.AspNetCore.Mvc.Infrastructure.ResourceInvoker.InvokeResultFilters()
--- End of stack trace from previous location ---
   at Microsoft.AspNetCore.Mvc.Infrastructure.ResourceInvoker.<InvokeFilterPipelineAsync>g__Awaited|20_0(ResourceInvoker invoker, Task lastTask, State next, Scope scope, Object state, Boolean isCompleted)
   at Microsoft.AspNetCore.Mvc.Infrastructure.ResourceInvoker.<InvokeAsync>g__Awaited|17_0(ResourceInvoker invoker, Task task, IDisposable scope)
   at Microsoft.AspNetCore.Mvc.Infrastructure.ResourceInvoker.<InvokeAsync>g__Awaited|17_0(ResourceInvoker invoker, Task task, IDisposable scope)
   at Microsoft.AspNetCore.Routing.EndpointMiddleware.<Invoke>g__AwaitRequestTask|6_0(Endpoint endpoint, Task requestTask, ILogger logger)
   at Microsoft.AspNetCore.Authorization.AuthorizationMiddleware.Invoke(HttpContext context)
   at Microsoft.AspNetCore.Session.SessionMiddleware.Invoke(HttpContext context)
   at Microsoft.AspNetCore.Session.SessionMiddleware.Invoke(HttpContext context)
   at Swashbuckle.AspNetCore.SwaggerUI.SwaggerUIMiddleware.Invoke(HttpContext httpContext)
   at Swashbuckle.AspNetCore.Swagger.SwaggerMiddleware.Invoke(HttpContext httpContext, ISwaggerProvider swaggerProvider)
   at Microsoft.AspNetCore.Diagnostics.DeveloperExceptionPageMiddleware.Invoke(HttpContext context)
2023-09-28 12:34:02,587 [19] INFO Microsoft.EntityFrameworkCore.Database.Command - Executed DbCommand (1ms) [Parameters=[], CommandType='Text', CommandTimeout='30']
SELECT `m`.`Name`, `m`.`Description`, `m`.`Fields`
FROM `master_table_list` AS `m`
2023-09-28 12:34:03,888 [22] INFO Microsoft.EntityFrameworkCore.Database.Command - Executed DbCommand (3ms) [Parameters=[], CommandType='Text', CommandTimeout='30']
SELECT `b`.`BodyTypeId`, `b`.`BodyType`, `b`.`Description`, `b`.`IsActive`
FROM `bodyType` AS `b`
2023-09-28 12:34:03,901 [22] ERROR Microsoft.AspNetCore.Diagnostics.DeveloperExceptionPageMiddleware - An unhandled exception has occurred while executing the request.
System.MissingMethodException: Attempted to access a missing method.
   at AutoPASDML.bodyType.get_IsActive()
   at System.Text.Json.Serialization.Metadata.JsonPropertyInfo`1.GetMemberAndWriteJson(Object obj, WriteStack& state, Utf8JsonWriter writer)
   at System.Text.Json.Serialization.Converters.ObjectDefaultConverter`1.OnTryWrite(Utf8JsonWriter writer, T value, JsonSerializerOptions options, WriteStack& state)
   at System.Text.Json.Serialization.JsonConverter`1.TryWrite(Utf8JsonWriter writer, T& value, JsonSerializerOptions options, WriteStack& state)
   at System.Text.Json.Serialization.Converters.ListOfTConverter`2.OnWriteResume(Utf8JsonWriter writer, TCollection value, JsonSerializerOptions options, WriteStack& state)
   at System.Text.Json.Serialization.JsonCollectionConverter`2.OnTryWrite(Utf8JsonWriter writer, TCollection value, JsonSerializerOptions options, WriteStack& state)
   at System.Text.Json.Serialization.JsonConverter`1.TryWrite(Utf8JsonWriter writer, T& value, JsonSerializerOptions options, WriteStack& state)
   at System.Text.Json.Serialization.JsonConverter`1.WriteCore(Utf8JsonWriter writer, T& value, JsonSerializerOptions options, WriteStack& state)
   at System.Text.Json.Serialization.JsonConverter`1.WriteCoreAsObject(Utf8JsonWriter writer, Object value, JsonSerializerOptions options, WriteStack& state)
   at System.Text.Json.JsonSerializer.WriteCore[TValue](Utf8JsonWriter writer, TValue& value, JsonTypeInfo jsonTypeInfo, WriteStack& state)
   at System.Text.Json.JsonSerializer.WriteStreamAsync[TValue](Stream utf8Json, TValue value, JsonTypeInfo jsonTypeInfo, CancellationToken cancellationToken)
   at System.Text.Json.JsonSerializer.WriteStreamAsync[TValue](Stream utf8Json, TValue value, JsonTypeInfo jsonTypeInfo, CancellationToken cancellationToken)
   at System.Text.Json.JsonSerializer.WriteStreamAsync[TValue](Stream utf8Json, TValue value, JsonTypeInfo jsonTypeInfo, CancellationToken cancellationToken)
   at Microsoft.AspNetCore.Mvc.Formatters.SystemTextJsonOutputFormatter.WriteResponseBodyAsync(OutputFormatterWriteContext context, Encoding selectedEncoding)
   at Microsoft.AspNetCore.Mvc.Infrastructure.ResourceInvoker.<InvokeNextResultFilterAsync>g__Awaited|30_0[TFilter,TFilterAsync](ResourceInvoker invoker, Task lastTask, State next, Scope scope, Object state, Boolean isCompleted)
   at Microsoft.AspNetCore.Mvc.Infrastructure.ResourceInvoker.Rethrow(ResultExecutedContextSealed context)
   at Microsoft.AspNetCore.Mvc.Infrastructure.ResourceInvoker.ResultNext[TFilter,TFilterAsync](State& next, Scope& scope, Object& state, Boolean& isCompleted)
   at Microsoft.AspNetCore.Mvc.Infrastructure.ResourceInvoker.InvokeResultFilters()
--- End of stack trace from previous location ---
   at Microsoft.AspNetCore.Mvc.Infrastructure.ResourceInvoker.<InvokeFilterPipelineAsync>g__Awaited|20_0(ResourceInvoker invoker, Task lastTask, State next, Scope scope, Object state, Boolean isCompleted)
   at Microsoft.AspNetCore.Mvc.Infrastructure.ResourceInvoker.<InvokeAsync>g__Awaited|17_0(ResourceInvoker invoker, Task task, IDisposable scope)
   at Microsoft.AspNetCore.Mvc.Infrastructure.ResourceInvoker.<InvokeAsync>g__Awaited|17_0(ResourceInvoker invoker, Task task, IDisposable scope)
   at Microsoft.AspNetCore.Routing.EndpointMiddleware.<Invoke>g__AwaitRequestTask|6_0(Endpoint endpoint, Task requestTask, ILogger logger)
   at Microsoft.AspNetCore.Authorization.AuthorizationMiddleware.Invoke(HttpContext context)
   at Microsoft.AspNetCore.Session.SessionMiddleware.Invoke(HttpContext context)
   at Microsoft.AspNetCore.Session.SessionMiddleware.Invoke(HttpContext context)
   at Swashbuckle.AspNetCore.SwaggerUI.SwaggerUIMiddleware.Invoke(HttpContext httpContext)
   at Swashbuckle.AspNetCore.Swagger.SwaggerMiddleware.Invoke(HttpContext httpContext, ISwaggerProvider swaggerProvider)
   at Microsoft.AspNetCore.Diagnostics.DeveloperExceptionPageMiddleware.Invoke(HttpContext context)
2023-09-28 12:34:24,633 [1] INFO Microsoft.Hosting.Lifetime - Now listening on: https://localhost:59363
2023-09-28 12:34:24,646 [1] INFO Microsoft.Hosting.Lifetime - Now listening on: http://localhost:59364
2023-09-28 12:34:24,654 [1] INFO Microsoft.Hosting.Lifetime - Application started. Press Ctrl+C to shut down.
2023-09-28 12:34:24,656 [1] INFO Microsoft.Hosting.Lifetime - Hosting environment: Development
2023-09-28 12:34:24,658 [1] INFO Microsoft.Hosting.Lifetime - Content root path: D:\INS\AUTOPAS\AutoPASAPI\autopasapi\AutoPAS\AutoPASAPI\
2023-09-28 12:34:34,356 [3] INFO Microsoft.EntityFrameworkCore.Database.Command - Executed DbCommand (58ms) [Parameters=[], CommandType='Text', CommandTimeout='30']
SELECT `m`.`Name`, `m`.`Description`, `m`.`Fields`
FROM `master_table_list` AS `m`
2023-09-28 12:34:37,971 [8] INFO Microsoft.EntityFrameworkCore.Database.Command - Executed DbCommand (6ms) [Parameters=[], CommandType='Text', CommandTimeout='30']
SELECT `b`.`BodyTypeId`, `b`.`BodyType`, `b`.`Description`, `b`.`IsActive`
FROM `bodyType` AS `b`
2023-09-28 12:34:44,531 [16] INFO Microsoft.EntityFrameworkCore.Database.Command - Executed DbCommand (51ms) [Parameters=[@__id_0='?' (DbType = Int32)], CommandType='Text', CommandTimeout='30']
SELECT EXISTS (
    SELECT 1
    FROM `bodyType` AS `b`
    WHERE `b`.`BodyTypeId` = @__id_0)
2023-09-28 12:34:44,541 [16] INFO AutoPASAPI.Controllers.BodyTypeController - Error in function AddBodyType Id is already exists
2023-09-28 12:34:50,589 [5] INFO Microsoft.EntityFrameworkCore.Database.Command - Executed DbCommand (0ms) [Parameters=[@__id_0='?' (DbType = Int32)], CommandType='Text', CommandTimeout='30']
SELECT EXISTS (
    SELECT 1
    FROM `bodyType` AS `b`
    WHERE `b`.`BodyTypeId` = @__id_0)
2023-09-28 12:34:50,591 [5] INFO AutoPASAPI.Controllers.BodyTypeController - Error in function AddBodyType Id is already exists
2023-09-28 12:34:59,206 [16] INFO Microsoft.EntityFrameworkCore.Database.Command - Executed DbCommand (0ms) [Parameters=[@__id_0='?' (DbType = Int32)], CommandType='Text', CommandTimeout='30']
SELECT EXISTS (
    SELECT 1
    FROM `bodyType` AS `b`
    WHERE `b`.`BodyTypeId` = @__id_0)
2023-09-28 12:34:59,472 [5] INFO Microsoft.EntityFrameworkCore.Database.Command - Executed DbCommand (16ms) [Parameters=[@p0='?' (DbType = Int32), @p1='?' (Size = 4000), @p2='?' (Size = 4000), @p3='?' (DbType = Boolean)], CommandType='Text', CommandTimeout='30']
SET AUTOCOMMIT = 1;
INSERT INTO `bodyType` (`BodyTypeId`, `BodyType`, `Description`, `IsActive`)
VALUES (@p0, @p1, @p2, @p3);
2023-09-28 12:35:01,044 [16] INFO Microsoft.EntityFrameworkCore.Database.Command - Executed DbCommand (1ms) [Parameters=[], CommandType='Text', CommandTimeout='30']
SELECT `b`.`BodyTypeId`, `b`.`BodyType`, `b`.`Description`, `b`.`IsActive`
FROM `bodyType` AS `b`
2023-09-28 12:35:04,292 [9] INFO Microsoft.EntityFrameworkCore.Database.Command - Executed DbCommand (2ms) [Parameters=[], CommandType='Text', CommandTimeout='30']
SELECT `b`.`BodyTypeId`, `b`.`BodyType`, `b`.`Description`, `b`.`IsActive`
FROM `bodyType` AS `b`
2023-09-28 12:35:06,010 [3] INFO Microsoft.EntityFrameworkCore.Database.Command - Executed DbCommand (0ms) [Parameters=[@__id_0='?' (DbType = Int32)], CommandType='Text', CommandTimeout='30']
SELECT EXISTS (
    SELECT 1
    FROM `bodyType` AS `b`
    WHERE `b`.`BodyTypeId` = @__id_0)
2023-09-28 12:35:06,059 [3] INFO Microsoft.EntityFrameworkCore.Database.Command - Executed DbCommand (0ms) [Parameters=[@__p_0='?' (DbType = Int32)], CommandType='Text', CommandTimeout='30']
SELECT `b`.`BodyTypeId`, `b`.`BodyType`, `b`.`Description`, `b`.`IsActive`
FROM `bodyType` AS `b`
WHERE `b`.`BodyTypeId` = @__p_0
LIMIT 1
2023-09-28 12:35:06,089 [3] INFO Microsoft.EntityFrameworkCore.Database.Command - Executed DbCommand (3ms) [Parameters=[@p0='?' (DbType = Int32)], CommandType='Text', CommandTimeout='30']
SET AUTOCOMMIT = 1;
DELETE FROM `bodyType`
WHERE `BodyTypeId` = @p0;
SELECT ROW_COUNT();
2023-09-28 12:35:06,131 [9] INFO Microsoft.EntityFrameworkCore.Database.Command - Executed DbCommand (1ms) [Parameters=[], CommandType='Text', CommandTimeout='30']
SELECT `m`.`Name`, `m`.`Description`, `m`.`Fields`
FROM `master_table_list` AS `m`
2023-09-28 12:35:07,734 [5] INFO Microsoft.EntityFrameworkCore.Database.Command - Executed DbCommand (3ms) [Parameters=[], CommandType='Text', CommandTimeout='30']
SELECT `b`.`BodyTypeId`, `b`.`BodyType`, `b`.`Description`, `b`.`IsActive`
FROM `bodyType` AS `b`
2023-09-28 12:35:11,752 [9] INFO Microsoft.EntityFrameworkCore.Database.Command - Executed DbCommand (2ms) [Parameters=[], CommandType='Text', CommandTimeout='30']
SELECT `m`.`Name`, `m`.`Description`, `m`.`Fields`
FROM `master_table_list` AS `m`
2023-09-28 12:35:13,502 [6] INFO Microsoft.EntityFrameworkCore.Database.Command - Executed DbCommand (3ms) [Parameters=[], CommandType='Text', CommandTimeout='30']
SELECT `b`.`BrandId`, `b`.`Brand`, `b`.`Description`, `b`.`IsActive`, `b`.`SortOrder`, `b`.`VehicleTypeId`
FROM `brand` AS `b`
2023-09-28 12:35:28,544 [12] INFO Microsoft.EntityFrameworkCore.Database.Command - Executed DbCommand (0ms) [Parameters=[@__id_0='?' (DbType = Int32)], CommandType='Text', CommandTimeout='30']
SELECT EXISTS (
    SELECT 1
    FROM `brand` AS `b`
    WHERE `b`.`BrandId` = @__id_0)
2023-09-28 12:35:28,554 [12] INFO Microsoft.EntityFrameworkCore.Database.Command - Executed DbCommand (3ms) [Parameters=[@__id_0='?' (DbType = Int32)], CommandType='Text', CommandTimeout='30']
SELECT EXISTS (
    SELECT 1
    FROM `vehicleType` AS `v`
    WHERE `v`.`VehicleTypeId` = @__id_0)
2023-09-28 12:35:28,564 [7] INFO Microsoft.EntityFrameworkCore.Database.Command - Executed DbCommand (2ms) [Parameters=[@p0='?' (DbType = Int32), @p1='?' (Size = 4000), @p2='?' (Size = 4000), @p3='?' (DbType = Boolean), @p4='?' (DbType = Int32), @p5='?' (DbType = Int32)], CommandType='Text', CommandTimeout='30']
SET AUTOCOMMIT = 1;
INSERT INTO `brand` (`BrandId`, `Brand`, `Description`, `IsActive`, `SortOrder`, `VehicleTypeId`)
VALUES (@p0, @p1, @p2, @p3, @p4, @p5);
2023-09-28 12:35:31,264 [13] INFO Microsoft.EntityFrameworkCore.Database.Command - Executed DbCommand (4ms) [Parameters=[], CommandType='Text', CommandTimeout='30']
SELECT `b`.`BrandId`, `b`.`Brand`, `b`.`Description`, `b`.`IsActive`, `b`.`SortOrder`, `b`.`VehicleTypeId`
FROM `brand` AS `b`
2023-09-28 12:35:35,762 [17] INFO Microsoft.EntityFrameworkCore.Database.Command - Executed DbCommand (1ms) [Parameters=[], CommandType='Text', CommandTimeout='30']
SELECT `b`.`BrandId`, `b`.`Brand`, `b`.`Description`, `b`.`IsActive`, `b`.`SortOrder`, `b`.`VehicleTypeId`
FROM `brand` AS `b`
2023-09-28 12:35:38,048 [17] INFO Microsoft.EntityFrameworkCore.Database.Command - Executed DbCommand (0ms) [Parameters=[@__id_0='?' (DbType = Int32)], CommandType='Text', CommandTimeout='30']
SELECT EXISTS (
    SELECT 1
    FROM `brand` AS `b`
    WHERE `b`.`BrandId` = @__id_0)
2023-09-28 12:35:38,057 [17] INFO Microsoft.EntityFrameworkCore.Database.Command - Executed DbCommand (0ms) [Parameters=[@__p_0='?' (DbType = Int32)], CommandType='Text', CommandTimeout='30']
SELECT `b`.`BrandId`, `b`.`Brand`, `b`.`Description`, `b`.`IsActive`, `b`.`SortOrder`, `b`.`VehicleTypeId`
FROM `brand` AS `b`
WHERE `b`.`BrandId` = @__p_0
LIMIT 1
2023-09-28 12:35:38,068 [17] INFO Microsoft.EntityFrameworkCore.Database.Command - Executed DbCommand (5ms) [Parameters=[@p0='?' (DbType = Int32)], CommandType='Text', CommandTimeout='30']
SET AUTOCOMMIT = 1;
DELETE FROM `brand`
WHERE `BrandId` = @p0;
SELECT ROW_COUNT();
2023-09-28 12:35:38,115 [12] INFO Microsoft.EntityFrameworkCore.Database.Command - Executed DbCommand (2ms) [Parameters=[], CommandType='Text', CommandTimeout='30']
SELECT `m`.`Name`, `m`.`Description`, `m`.`Fields`
FROM `master_table_list` AS `m`
2023-09-28 12:35:46,367 [5] INFO Microsoft.EntityFrameworkCore.Database.Command - Executed DbCommand (2ms) [Parameters=[], CommandType='Text', CommandTimeout='30']
SELECT `b`.`BrandId`, `b`.`Brand`, `b`.`Description`, `b`.`IsActive`, `b`.`SortOrder`, `b`.`VehicleTypeId`
FROM `brand` AS `b`
2023-09-28 12:35:52,565 [13] INFO Microsoft.EntityFrameworkCore.Database.Command - Executed DbCommand (2ms) [Parameters=[], CommandType='Text', CommandTimeout='30']
SELECT `m`.`Name`, `m`.`Description`, `m`.`Fields`
FROM `master_table_list` AS `m`
2023-09-28 12:35:54,329 [7] INFO Microsoft.EntityFrameworkCore.Database.Command - Executed DbCommand (2ms) [Parameters=[], CommandType='Text', CommandTimeout='30']
SELECT `c`.`CoverageId`, `c`.`CovCd`, `c`.`CoverageName`, `c`.`Description`, `c`.`EffectiveDt`, `c`.`ExpirationDt`, `c`.`IsActive`, `c`.`SortOrder`
FROM `coverages` AS `c`
2023-09-28 12:36:09,638 [17] INFO Microsoft.EntityFrameworkCore.Database.Command - Executed DbCommand (0ms) [Parameters=[@__id_0='?' (DbType = Int32)], CommandType='Text', CommandTimeout='30']
SELECT EXISTS (
    SELECT 1
    FROM `coverages` AS `c`
    WHERE `c`.`CoverageId` = @__id_0)
2023-09-28 12:36:09,658 [20] INFO Microsoft.EntityFrameworkCore.Database.Command - Executed DbCommand (7ms) [Parameters=[@p0='?' (DbType = Int32), @p1='?' (Size = 4000), @p2='?' (Size = 4000), @p3='?' (Size = 4000), @p4='?' (DbType = DateTime), @p5='?' (DbType = DateTime), @p6='?' (DbType = Boolean), @p7='?' (DbType = Int32)], CommandType='Text', CommandTimeout='30']
SET AUTOCOMMIT = 1;
INSERT INTO `coverages` (`CoverageId`, `CovCd`, `CoverageName`, `Description`, `EffectiveDt`, `ExpirationDt`, `IsActive`, `SortOrder`)
VALUES (@p0, @p1, @p2, @p3, @p4, @p5, @p6, @p7);
2023-09-28 12:36:11,705 [16] INFO Microsoft.EntityFrameworkCore.Database.Command - Executed DbCommand (1ms) [Parameters=[], CommandType='Text', CommandTimeout='30']
SELECT `c`.`CoverageId`, `c`.`CovCd`, `c`.`CoverageName`, `c`.`Description`, `c`.`EffectiveDt`, `c`.`ExpirationDt`, `c`.`IsActive`, `c`.`SortOrder`
FROM `coverages` AS `c`
2023-09-28 12:36:20,347 [9] INFO Microsoft.EntityFrameworkCore.Database.Command - Executed DbCommand (2ms) [Parameters=[], CommandType='Text', CommandTimeout='30']
SELECT `c`.`CoverageId`, `c`.`CovCd`, `c`.`CoverageName`, `c`.`Description`, `c`.`EffectiveDt`, `c`.`ExpirationDt`, `c`.`IsActive`, `c`.`SortOrder`
FROM `coverages` AS `c`
2023-09-28 12:36:21,699 [16] INFO Microsoft.EntityFrameworkCore.Database.Command - Executed DbCommand (0ms) [Parameters=[@__id_0='?' (DbType = Int32)], CommandType='Text', CommandTimeout='30']
SELECT EXISTS (
    SELECT 1
    FROM `coverages` AS `c`
    WHERE `c`.`CoverageId` = @__id_0)
2023-09-28 12:36:21,709 [16] INFO Microsoft.EntityFrameworkCore.Database.Command - Executed DbCommand (0ms) [Parameters=[@__p_0='?' (DbType = Int32)], CommandType='Text', CommandTimeout='30']
SELECT `c`.`CoverageId`, `c`.`CovCd`, `c`.`CoverageName`, `c`.`Description`, `c`.`EffectiveDt`, `c`.`ExpirationDt`, `c`.`IsActive`, `c`.`SortOrder`
FROM `coverages` AS `c`
WHERE `c`.`CoverageId` = @__p_0
LIMIT 1
2023-09-28 12:36:21,718 [16] INFO Microsoft.EntityFrameworkCore.Database.Command - Executed DbCommand (4ms) [Parameters=[@p0='?' (DbType = Int32)], CommandType='Text', CommandTimeout='30']
SET AUTOCOMMIT = 1;
DELETE FROM `coverages`
WHERE `CoverageId` = @p0;
SELECT ROW_COUNT();
2023-09-28 12:36:21,752 [17] INFO Microsoft.EntityFrameworkCore.Database.Command - Executed DbCommand (3ms) [Parameters=[], CommandType='Text', CommandTimeout='30']
SELECT `m`.`Name`, `m`.`Description`, `m`.`Fields`
FROM `master_table_list` AS `m`
2023-09-28 12:36:23,391 [12] INFO Microsoft.EntityFrameworkCore.Database.Command - Executed DbCommand (2ms) [Parameters=[], CommandType='Text', CommandTimeout='30']
SELECT `c`.`CoverageId`, `c`.`CovCd`, `c`.`CoverageName`, `c`.`Description`, `c`.`EffectiveDt`, `c`.`ExpirationDt`, `c`.`IsActive`, `c`.`SortOrder`
FROM `coverages` AS `c`
2023-09-28 12:36:25,033 [12] INFO Microsoft.EntityFrameworkCore.Database.Command - Executed DbCommand (1ms) [Parameters=[], CommandType='Text', CommandTimeout='30']
SELECT `m`.`Name`, `m`.`Description`, `m`.`Fields`
FROM `master_table_list` AS `m`
2023-09-28 12:36:26,563 [20] INFO Microsoft.EntityFrameworkCore.Database.Command - Executed DbCommand (2ms) [Parameters=[], CommandType='Text', CommandTimeout='30']
SELECT `f`.`FuelTypeId`, `f`.`Description`, `f`.`FuelType`, `f`.`IsActive`
FROM `fueltype` AS `f`
2023-09-28 12:36:33,020 [16] INFO Microsoft.EntityFrameworkCore.Database.Command - Executed DbCommand (1ms) [Parameters=[@__id_0='?' (DbType = Int32)], CommandType='Text', CommandTimeout='30']
SELECT EXISTS (
    SELECT 1
    FROM `fueltype` AS `f`
    WHERE `f`.`FuelTypeId` = @__id_0)
2023-09-28 12:36:33,044 [16] INFO Microsoft.EntityFrameworkCore.Database.Command - Executed DbCommand (4ms) [Parameters=[@p0='?' (DbType = Int32), @p1='?' (Size = 4000), @p2='?' (Size = 4000), @p3='?' (DbType = Boolean)], CommandType='Text', CommandTimeout='30']
SET AUTOCOMMIT = 1;
INSERT INTO `fueltype` (`FuelTypeId`, `Description`, `FuelType`, `IsActive`)
VALUES (@p0, @p1, @p2, @p3);
2023-09-28 12:36:34,697 [13] INFO Microsoft.EntityFrameworkCore.Database.Command - Executed DbCommand (2ms) [Parameters=[], CommandType='Text', CommandTimeout='30']
SELECT `f`.`FuelTypeId`, `f`.`Description`, `f`.`FuelType`, `f`.`IsActive`
FROM `fueltype` AS `f`
2023-09-28 12:36:39,364 [7] INFO Microsoft.EntityFrameworkCore.Database.Command - Executed DbCommand (1ms) [Parameters=[], CommandType='Text', CommandTimeout='30']
SELECT `f`.`FuelTypeId`, `f`.`Description`, `f`.`FuelType`, `f`.`IsActive`
FROM `fueltype` AS `f`
2023-09-28 12:36:40,670 [17] INFO Microsoft.EntityFrameworkCore.Database.Command - Executed DbCommand (2ms) [Parameters=[@__id_0='?' (DbType = Int32)], CommandType='Text', CommandTimeout='30']
SELECT EXISTS (
    SELECT 1
    FROM `fueltype` AS `f`
    WHERE `f`.`FuelTypeId` = @__id_0)
2023-09-28 12:36:40,683 [17] INFO Microsoft.EntityFrameworkCore.Database.Command - Executed DbCommand (1ms) [Parameters=[@__p_0='?' (DbType = Int32)], CommandType='Text', CommandTimeout='30']
SELECT `f`.`FuelTypeId`, `f`.`Description`, `f`.`FuelType`, `f`.`IsActive`
FROM `fueltype` AS `f`
WHERE `f`.`FuelTypeId` = @__p_0
LIMIT 1
2023-09-28 12:36:40,694 [17] INFO Microsoft.EntityFrameworkCore.Database.Command - Executed DbCommand (4ms) [Parameters=[@p0='?' (DbType = Int32)], CommandType='Text', CommandTimeout='30']
SET AUTOCOMMIT = 1;
DELETE FROM `fueltype`
WHERE `FuelTypeId` = @p0;
SELECT ROW_COUNT();
2023-09-28 12:36:40,721 [12] INFO Microsoft.EntityFrameworkCore.Database.Command - Executed DbCommand (2ms) [Parameters=[], CommandType='Text', CommandTimeout='30']
SELECT `m`.`Name`, `m`.`Description`, `m`.`Fields`
FROM `master_table_list` AS `m`
2023-09-28 12:36:58,217 [21] INFO Microsoft.EntityFrameworkCore.Database.Command - Executed DbCommand (6ms) [Parameters=[], CommandType='Text', CommandTimeout='30']
SELECT `m`.`ModelId`, `m`.`BrandId`, `m`.`Description`, `m`.`ModelName`
FROM `model` AS `m`
2023-09-28 12:37:11,074 [16] INFO Microsoft.EntityFrameworkCore.Database.Command - Executed DbCommand (0ms) [Parameters=[@__id_0='?' (DbType = Int32)], CommandType='Text', CommandTimeout='30']
SELECT EXISTS (
    SELECT 1
    FROM `model` AS `m`
    WHERE `m`.`ModelId` = @__id_0)
2023-09-28 12:37:11,077 [16] INFO AutoPASAPI.Controllers.ModelController - Error in function Add model Id is already exists
2023-09-28 12:37:17,012 [16] INFO Microsoft.EntityFrameworkCore.Database.Command - Executed DbCommand (1ms) [Parameters=[@__id_0='?' (DbType = Int32)], CommandType='Text', CommandTimeout='30']
SELECT EXISTS (
    SELECT 1
    FROM `model` AS `m`
    WHERE `m`.`ModelId` = @__id_0)
2023-09-28 12:37:17,017 [16] INFO Microsoft.EntityFrameworkCore.Database.Command - Executed DbCommand (0ms) [Parameters=[@__id_0='?' (DbType = Int32)], CommandType='Text', CommandTimeout='30']
SELECT EXISTS (
    SELECT 1
    FROM `brand` AS `b`
    WHERE `b`.`BrandId` = @__id_0)
2023-09-28 12:37:17,020 [16] INFO AutoPASAPI.Controllers.ModelController - Error in function  model Id is not exists
2023-09-28 12:37:21,435 [9] INFO Microsoft.EntityFrameworkCore.Database.Command - Executed DbCommand (0ms) [Parameters=[@__id_0='?' (DbType = Int32)], CommandType='Text', CommandTimeout='30']
SELECT EXISTS (
    SELECT 1
    FROM `model` AS `m`
    WHERE `m`.`ModelId` = @__id_0)
2023-09-28 12:37:21,439 [9] INFO Microsoft.EntityFrameworkCore.Database.Command - Executed DbCommand (0ms) [Parameters=[@__id_0='?' (DbType = Int32)], CommandType='Text', CommandTimeout='30']
SELECT EXISTS (
    SELECT 1
    FROM `brand` AS `b`
    WHERE `b`.`BrandId` = @__id_0)
2023-09-28 12:37:21,441 [9] INFO AutoPASAPI.Controllers.ModelController - Error in function  model Id is not exists
2023-09-28 12:37:27,458 [16] INFO Microsoft.EntityFrameworkCore.Database.Command - Executed DbCommand (0ms) [Parameters=[@__id_0='?' (DbType = Int32)], CommandType='Text', CommandTimeout='30']
SELECT EXISTS (
    SELECT 1
    FROM `model` AS `m`
    WHERE `m`.`ModelId` = @__id_0)
2023-09-28 12:37:27,464 [16] INFO Microsoft.EntityFrameworkCore.Database.Command - Executed DbCommand (0ms) [Parameters=[@__id_0='?' (DbType = Int32)], CommandType='Text', CommandTimeout='30']
SELECT EXISTS (
    SELECT 1
    FROM `brand` AS `b`
    WHERE `b`.`BrandId` = @__id_0)
2023-09-28 12:37:27,467 [16] INFO AutoPASAPI.Controllers.ModelController - Error in function  model Id is not exists
2023-09-28 12:37:35,884 [16] INFO Microsoft.EntityFrameworkCore.Database.Command - Executed DbCommand (1ms) [Parameters=[@__id_0='?' (DbType = Int32)], CommandType='Text', CommandTimeout='30']
SELECT EXISTS (
    SELECT 1
    FROM `model` AS `m`
    WHERE `m`.`ModelId` = @__id_0)
2023-09-28 12:37:35,888 [16] INFO Microsoft.EntityFrameworkCore.Database.Command - Executed DbCommand (0ms) [Parameters=[@__id_0='?' (DbType = Int32)], CommandType='Text', CommandTimeout='30']
SELECT EXISTS (
    SELECT 1
    FROM `brand` AS `b`
    WHERE `b`.`BrandId` = @__id_0)
2023-09-28 12:37:35,920 [21] INFO Microsoft.EntityFrameworkCore.Database.Command - Executed DbCommand (24ms) [Parameters=[@p0='?' (DbType = Int32), @p1='?' (DbType = Int32), @p2='?' (Size = 4000), @p3='?' (Size = 4000)], CommandType='Text', CommandTimeout='30']
SET AUTOCOMMIT = 1;
INSERT INTO `model` (`ModelId`, `BrandId`, `Description`, `ModelName`)
VALUES (@p0, @p1, @p2, @p3);
2023-09-28 12:37:37,293 [5] INFO Microsoft.EntityFrameworkCore.Database.Command - Executed DbCommand (2ms) [Parameters=[], CommandType='Text', CommandTimeout='30']
SELECT `m`.`ModelId`, `m`.`BrandId`, `m`.`Description`, `m`.`ModelName`
FROM `model` AS `m`
2023-09-28 12:37:40,720 [20] INFO Microsoft.EntityFrameworkCore.Database.Command - Executed DbCommand (2ms) [Parameters=[], CommandType='Text', CommandTimeout='30']
SELECT `m`.`ModelId`, `m`.`BrandId`, `m`.`Description`, `m`.`ModelName`
FROM `model` AS `m`
2023-09-28 12:37:41,806 [17] INFO Microsoft.EntityFrameworkCore.Database.Command - Executed DbCommand (2ms) [Parameters=[@__id_0='?' (DbType = Int32)], CommandType='Text', CommandTimeout='30']
SELECT EXISTS (
    SELECT 1
    FROM `model` AS `m`
    WHERE `m`.`ModelId` = @__id_0)
2023-09-28 12:37:41,815 [17] INFO Microsoft.EntityFrameworkCore.Database.Command - Executed DbCommand (0ms) [Parameters=[@__p_0='?' (DbType = Int32)], CommandType='Text', CommandTimeout='30']
SELECT `m`.`ModelId`, `m`.`BrandId`, `m`.`Description`, `m`.`ModelName`
FROM `model` AS `m`
WHERE `m`.`ModelId` = @__p_0
LIMIT 1
2023-09-28 12:37:41,824 [17] INFO Microsoft.EntityFrameworkCore.Database.Command - Executed DbCommand (4ms) [Parameters=[@p0='?' (DbType = Int32)], CommandType='Text', CommandTimeout='30']
SET AUTOCOMMIT = 1;
DELETE FROM `model`
WHERE `ModelId` = @p0;
SELECT ROW_COUNT();
2023-09-28 12:37:41,855 [12] INFO Microsoft.EntityFrameworkCore.Database.Command - Executed DbCommand (3ms) [Parameters=[], CommandType='Text', CommandTimeout='30']
SELECT `m`.`Name`, `m`.`Description`, `m`.`Fields`
FROM `master_table_list` AS `m`
2023-09-28 12:37:44,715 [17] INFO Microsoft.EntityFrameworkCore.Database.Command - Executed DbCommand (2ms) [Parameters=[], CommandType='Text', CommandTimeout='30']
SELECT `m`.`ModelId`, `m`.`BrandId`, `m`.`Description`, `m`.`ModelName`
FROM `model` AS `m`
2023-09-28 12:37:49,323 [20] INFO Microsoft.EntityFrameworkCore.Database.Command - Executed DbCommand (2ms) [Parameters=[], CommandType='Text', CommandTimeout='30']
SELECT `m`.`Name`, `m`.`Description`, `m`.`Fields`
FROM `master_table_list` AS `m`
2023-09-28 12:37:51,991 [13] INFO Microsoft.EntityFrameworkCore.Database.Command - Executed DbCommand (2ms) [Parameters=[], CommandType='Text', CommandTimeout='30']
SELECT `m`.`ModelId`, `m`.`BrandId`, `m`.`Description`, `m`.`ModelName`
FROM `model` AS `m`
2023-09-28 12:37:53,819 [16] INFO Microsoft.EntityFrameworkCore.Database.Command - Executed DbCommand (2ms) [Parameters=[], CommandType='Text', CommandTimeout='30']
SELECT `m`.`Name`, `m`.`Description`, `m`.`Fields`
FROM `master_table_list` AS `m`
2023-09-28 12:37:57,421 [7] INFO Microsoft.EntityFrameworkCore.Database.Command - Executed DbCommand (19ms) [Parameters=[], CommandType='Text', CommandTimeout='30']
SELECT `t0`.`RTOId`, `t0`.`City`, `t0`.`Description`, `t0`.`IsActive`, `t0`.`RTOName`, `t0`.`State`
FROM (
    SELECT `r`.`State`
    FROM `rto` AS `r`
    GROUP BY `r`.`State`
) AS `t`
LEFT JOIN (
    SELECT `t1`.`RTOId`, `t1`.`City`, `t1`.`Description`, `t1`.`IsActive`, `t1`.`RTOName`, `t1`.`State`
    FROM (
        SELECT `r0`.`RTOId`, `r0`.`City`, `r0`.`Description`, `r0`.`IsActive`, `r0`.`RTOName`, `r0`.`State`, ROW_NUMBER() OVER(PARTITION BY `r0`.`State` ORDER BY `r0`.`State`) AS `row`
        FROM `rto` AS `r0`
    ) AS `t1`
    WHERE `t1`.`row` <= 1
) AS `t0` ON `t`.`State` = `t0`.`State`
2023-09-28 12:38:03,346 [16] INFO Microsoft.EntityFrameworkCore.Database.Command - Executed DbCommand (0ms) [Parameters=[@__id_0='?' (DbType = Int32)], CommandType='Text', CommandTimeout='30']
SELECT EXISTS (
    SELECT 1
    FROM `rto` AS `r`
    WHERE `r`.`RTOId` = @__id_0)
2023-09-28 12:38:03,365 [21] INFO Microsoft.EntityFrameworkCore.Database.Command - Executed DbCommand (2ms) [Parameters=[@p0='?' (DbType = Int32), @p1='?' (Size = 4000), @p2='?' (Size = 4000), @p3='?' (DbType = Boolean), @p4='?' (Size = 4000), @p5='?' (Size = 4000)], CommandType='Text', CommandTimeout='30']
SET AUTOCOMMIT = 1;
INSERT INTO `rto` (`RTOId`, `City`, `Description`, `IsActive`, `RTOName`, `State`)
VALUES (@p0, @p1, @p2, @p3, @p4, @p5);
2023-09-28 12:38:05,129 [7] INFO Microsoft.EntityFrameworkCore.Database.Command - Executed DbCommand (10ms) [Parameters=[], CommandType='Text', CommandTimeout='30']
SELECT `t0`.`RTOId`, `t0`.`City`, `t0`.`Description`, `t0`.`IsActive`, `t0`.`RTOName`, `t0`.`State`
FROM (
    SELECT `r`.`State`
    FROM `rto` AS `r`
    GROUP BY `r`.`State`
) AS `t`
LEFT JOIN (
    SELECT `t1`.`RTOId`, `t1`.`City`, `t1`.`Description`, `t1`.`IsActive`, `t1`.`RTOName`, `t1`.`State`
    FROM (
        SELECT `r0`.`RTOId`, `r0`.`City`, `r0`.`Description`, `r0`.`IsActive`, `r0`.`RTOName`, `r0`.`State`, ROW_NUMBER() OVER(PARTITION BY `r0`.`State` ORDER BY `r0`.`State`) AS `row`
        FROM `rto` AS `r0`
    ) AS `t1`
    WHERE `t1`.`row` <= 1
) AS `t0` ON `t`.`State` = `t0`.`State`
2023-09-28 12:38:06,626 [21] INFO Microsoft.EntityFrameworkCore.Database.Command - Executed DbCommand (10ms) [Parameters=[], CommandType='Text', CommandTimeout='30']
SELECT `t0`.`RTOId`, `t0`.`City`, `t0`.`Description`, `t0`.`IsActive`, `t0`.`RTOName`, `t0`.`State`
FROM (
    SELECT `r`.`State`
    FROM `rto` AS `r`
    GROUP BY `r`.`State`
) AS `t`
LEFT JOIN (
    SELECT `t1`.`RTOId`, `t1`.`City`, `t1`.`Description`, `t1`.`IsActive`, `t1`.`RTOName`, `t1`.`State`
    FROM (
        SELECT `r0`.`RTOId`, `r0`.`City`, `r0`.`Description`, `r0`.`IsActive`, `r0`.`RTOName`, `r0`.`State`, ROW_NUMBER() OVER(PARTITION BY `r0`.`State` ORDER BY `r0`.`State`) AS `row`
        FROM `rto` AS `r0`
    ) AS `t1`
    WHERE `t1`.`row` <= 1
) AS `t0` ON `t`.`State` = `t0`.`State`
2023-09-28 12:38:08,860 [16] INFO Microsoft.EntityFrameworkCore.Database.Command - Executed DbCommand (1ms) [Parameters=[@__id_0='?' (DbType = Int32)], CommandType='Text', CommandTimeout='30']
SELECT EXISTS (
    SELECT 1
    FROM `rto` AS `r`
    WHERE `r`.`RTOId` = @__id_0)
2023-09-28 12:38:08,872 [16] INFO Microsoft.EntityFrameworkCore.Database.Command - Executed DbCommand (1ms) [Parameters=[@__p_0='?' (DbType = Int32)], CommandType='Text', CommandTimeout='30']
SELECT `r`.`RTOId`, `r`.`City`, `r`.`Description`, `r`.`IsActive`, `r`.`RTOName`, `r`.`State`
FROM `rto` AS `r`
WHERE `r`.`RTOId` = @__p_0
LIMIT 1
2023-09-28 12:38:08,876 [16] INFO Microsoft.EntityFrameworkCore.Database.Command - Executed DbCommand (2ms) [Parameters=[@p0='?' (DbType = Int32)], CommandType='Text', CommandTimeout='30']
SET AUTOCOMMIT = 1;
DELETE FROM `rto`
WHERE `RTOId` = @p0;
SELECT ROW_COUNT();
2023-09-28 12:38:08,907 [21] INFO Microsoft.EntityFrameworkCore.Database.Command - Executed DbCommand (2ms) [Parameters=[], CommandType='Text', CommandTimeout='30']
SELECT `m`.`Name`, `m`.`Description`, `m`.`Fields`
FROM `master_table_list` AS `m`
2023-09-28 12:38:11,168 [7] INFO Microsoft.EntityFrameworkCore.Database.Command - Executed DbCommand (13ms) [Parameters=[], CommandType='Text', CommandTimeout='30']
SELECT `t0`.`RTOId`, `t0`.`City`, `t0`.`Description`, `t0`.`IsActive`, `t0`.`RTOName`, `t0`.`State`
FROM (
    SELECT `r`.`State`
    FROM `rto` AS `r`
    GROUP BY `r`.`State`
) AS `t`
LEFT JOIN (
    SELECT `t1`.`RTOId`, `t1`.`City`, `t1`.`Description`, `t1`.`IsActive`, `t1`.`RTOName`, `t1`.`State`
    FROM (
        SELECT `r0`.`RTOId`, `r0`.`City`, `r0`.`Description`, `r0`.`IsActive`, `r0`.`RTOName`, `r0`.`State`, ROW_NUMBER() OVER(PARTITION BY `r0`.`State` ORDER BY `r0`.`State`) AS `row`
        FROM `rto` AS `r0`
    ) AS `t1`
    WHERE `t1`.`row` <= 1
) AS `t0` ON `t`.`State` = `t0`.`State`
2023-09-28 12:38:16,336 [16] INFO Microsoft.EntityFrameworkCore.Database.Command - Executed DbCommand (2ms) [Parameters=[], CommandType='Text', CommandTimeout='30']
SELECT `m`.`Name`, `m`.`Description`, `m`.`Fields`
FROM `master_table_list` AS `m`
2023-09-28 12:38:18,368 [21] INFO Microsoft.EntityFrameworkCore.Database.Command - Executed DbCommand (1ms) [Parameters=[], CommandType='Text', CommandTimeout='30']
SELECT `t`.`TransmissionTypeId`, `t`.`Description`, `t`.`TransmissionType`
FROM `transmissiontype` AS `t`
2023-09-28 12:38:22,334 [17] INFO Microsoft.EntityFrameworkCore.Database.Command - Executed DbCommand (2ms) [Parameters=[], CommandType='Text', CommandTimeout='30']
SELECT `m`.`Name`, `m`.`Description`, `m`.`Fields`
FROM `master_table_list` AS `m`
2023-09-28 12:38:24,048 [21] INFO Microsoft.EntityFrameworkCore.Database.Command - Executed DbCommand (2ms) [Parameters=[], CommandType='Text', CommandTimeout='30']
SELECT `v`.`VariantId`, `v`.`Description`, `v`.`IsActive`, `v`.`Variant`
FROM `variant` AS `v`
2023-09-28 12:38:30,872 [17] INFO Microsoft.EntityFrameworkCore.Database.Command - Executed DbCommand (0ms) [Parameters=[@__id_0='?' (DbType = Int32)], CommandType='Text', CommandTimeout='30']
SELECT EXISTS (
    SELECT 1
    FROM `variant` AS `v`
    WHERE `v`.`VariantId` = @__id_0)
2023-09-28 12:38:30,885 [7] INFO Microsoft.EntityFrameworkCore.Database.Command - Executed DbCommand (3ms) [Parameters=[@p0='?' (DbType = Int32), @p1='?' (Size = 4000), @p2='?' (DbType = Boolean), @p3='?' (Size = 4000)], CommandType='Text', CommandTimeout='30']
SET AUTOCOMMIT = 1;
INSERT INTO `variant` (`VariantId`, `Description`, `IsActive`, `Variant`)
VALUES (@p0, @p1, @p2, @p3);
2023-09-28 12:38:32,545 [16] INFO Microsoft.EntityFrameworkCore.Database.Command - Executed DbCommand (2ms) [Parameters=[], CommandType='Text', CommandTimeout='30']
SELECT `v`.`VariantId`, `v`.`Description`, `v`.`IsActive`, `v`.`Variant`
FROM `variant` AS `v`
2023-09-28 12:38:36,015 [5] INFO Microsoft.EntityFrameworkCore.Database.Command - Executed DbCommand (2ms) [Parameters=[], CommandType='Text', CommandTimeout='30']
SELECT `v`.`VariantId`, `v`.`Description`, `v`.`IsActive`, `v`.`Variant`
FROM `variant` AS `v`
2023-09-28 12:38:37,698 [20] INFO Microsoft.EntityFrameworkCore.Database.Command - Executed DbCommand (0ms) [Parameters=[@__id_0='?' (DbType = Int32)], CommandType='Text', CommandTimeout='30']
SELECT EXISTS (
    SELECT 1
    FROM `variant` AS `v`
    WHERE `v`.`VariantId` = @__id_0)
2023-09-28 12:38:37,709 [20] INFO Microsoft.EntityFrameworkCore.Database.Command - Executed DbCommand (0ms) [Parameters=[@__p_0='?' (DbType = Int32)], CommandType='Text', CommandTimeout='30']
SELECT `v`.`VariantId`, `v`.`Description`, `v`.`IsActive`, `v`.`Variant`
FROM `variant` AS `v`
WHERE `v`.`VariantId` = @__p_0
LIMIT 1
2023-09-28 12:38:37,718 [20] INFO Microsoft.EntityFrameworkCore.Database.Command - Executed DbCommand (4ms) [Parameters=[@p0='?' (DbType = Int32)], CommandType='Text', CommandTimeout='30']
SET AUTOCOMMIT = 1;
DELETE FROM `variant`
WHERE `VariantId` = @p0;
SELECT ROW_COUNT();
2023-09-28 12:38:37,744 [13] INFO Microsoft.EntityFrameworkCore.Database.Command - Executed DbCommand (2ms) [Parameters=[], CommandType='Text', CommandTimeout='30']
SELECT `m`.`Name`, `m`.`Description`, `m`.`Fields`
FROM `master_table_list` AS `m`
2023-09-28 12:38:40,587 [12] INFO Microsoft.EntityFrameworkCore.Database.Command - Executed DbCommand (2ms) [Parameters=[], CommandType='Text', CommandTimeout='30']
SELECT `v`.`VariantId`, `v`.`Description`, `v`.`IsActive`, `v`.`Variant`
FROM `variant` AS `v`
2023-09-28 12:38:43,585 [12] INFO Microsoft.EntityFrameworkCore.Database.Command - Executed DbCommand (2ms) [Parameters=[], CommandType='Text', CommandTimeout='30']
SELECT `m`.`Name`, `m`.`Description`, `m`.`Fields`
FROM `master_table_list` AS `m`
2023-09-28 12:38:47,142 [20] INFO Microsoft.EntityFrameworkCore.Database.Command - Executed DbCommand (1ms) [Parameters=[], CommandType='Text', CommandTimeout='30']
SELECT `v`.`VehicleTypeId`, `v`.`Description`, `v`.`IsActive`, `v`.`VehicleType`
FROM `vehicleType` AS `v`
2023-09-28 12:38:49,650 [16] INFO Microsoft.EntityFrameworkCore.Database.Command - Executed DbCommand (2ms) [Parameters=[], CommandType='Text', CommandTimeout='30']
SELECT `v`.`VehicleTypeId`, `v`.`Description`, `v`.`IsActive`, `v`.`VehicleType`
FROM `vehicleType` AS `v`
2023-09-28 12:38:50,955 [16] INFO Microsoft.EntityFrameworkCore.Database.Command - Executed DbCommand (0ms) [Parameters=[@__id_0='?' (DbType = Int32)], CommandType='Text', CommandTimeout='30']
SELECT EXISTS (
    SELECT 1
    FROM `vehicleType` AS `v`
    WHERE `v`.`VehicleTypeId` = @__id_0)
2023-09-28 12:38:50,965 [16] INFO Microsoft.EntityFrameworkCore.Database.Command - Executed DbCommand (0ms) [Parameters=[@__p_0='?' (DbType = Int32)], CommandType='Text', CommandTimeout='30']
SELECT `v`.`VehicleTypeId`, `v`.`Description`, `v`.`IsActive`, `v`.`VehicleType`
FROM `vehicleType` AS `v`
WHERE `v`.`VehicleTypeId` = @__p_0
LIMIT 1
2023-09-28 12:38:50,976 [16] INFO Microsoft.EntityFrameworkCore.Database.Command - Executed DbCommand (4ms) [Parameters=[@p0='?' (DbType = Int32)], CommandType='Text', CommandTimeout='30']
SET AUTOCOMMIT = 1;
DELETE FROM `vehicleType`
WHERE `VehicleTypeId` = @p0;
SELECT ROW_COUNT();
2023-09-28 12:38:51,005 [9] INFO Microsoft.EntityFrameworkCore.Database.Command - Executed DbCommand (2ms) [Parameters=[], CommandType='Text', CommandTimeout='30']
SELECT `m`.`Name`, `m`.`Description`, `m`.`Fields`
FROM `master_table_list` AS `m`
2023-09-28 12:38:52,956 [13] INFO Microsoft.EntityFrameworkCore.Database.Command - Executed DbCommand (2ms) [Parameters=[], CommandType='Text', CommandTimeout='30']
SELECT `v`.`VehicleTypeId`, `v`.`Description`, `v`.`IsActive`, `v`.`VehicleType`
FROM `vehicleType` AS `v`
2023-09-28 12:38:56,021 [20] INFO Microsoft.EntityFrameworkCore.Database.Command - Executed DbCommand (1ms) [Parameters=[], CommandType='Text', CommandTimeout='30']
SELECT `m`.`Name`, `m`.`Description`, `m`.`Fields`
FROM `master_table_list` AS `m`
2023-09-28 12:38:58,799 [7] INFO Microsoft.EntityFrameworkCore.Database.Command - Executed DbCommand (3ms) [Parameters=[], CommandType='Text', CommandTimeout='30']
SELECT `b`.`BodyTypeId`, `b`.`BodyType`, `b`.`Description`, `b`.`IsActive`
FROM `bodyType` AS `b`
2023-09-28 12:39:03,636 [13] INFO Microsoft.EntityFrameworkCore.Database.Command - Executed DbCommand (2ms) [Parameters=[], CommandType='Text', CommandTimeout='30']
SELECT `m`.`Name`, `m`.`Description`, `m`.`Fields`
FROM `master_table_list` AS `m`
2023-09-28 12:39:06,270 [13] INFO Microsoft.EntityFrameworkCore.Database.Command - Executed DbCommand (2ms) [Parameters=[], CommandType='Text', CommandTimeout='30']
SELECT `b`.`BrandId`, `b`.`Brand`, `b`.`Description`, `b`.`IsActive`, `b`.`SortOrder`, `b`.`VehicleTypeId`
FROM `brand` AS `b`
2023-09-28 12:39:14,978 [17] INFO Microsoft.EntityFrameworkCore.Database.Command - Executed DbCommand (0ms) [Parameters=[@__id_0='?' (DbType = Int32)], CommandType='Text', CommandTimeout='30']
SELECT EXISTS (
    SELECT 1
    FROM `brand` AS `b`
    WHERE `b`.`BrandId` = @__id_0)
2023-09-28 12:39:14,982 [17] INFO Microsoft.EntityFrameworkCore.Database.Command - Executed DbCommand (1ms) [Parameters=[@__id_0='?' (DbType = Int32)], CommandType='Text', CommandTimeout='30']
SELECT EXISTS (
    SELECT 1
    FROM `vehicleType` AS `v`
    WHERE `v`.`VehicleTypeId` = @__id_0)
2023-09-28 12:39:14,985 [17] INFO AutoPASAPI.Controllers.BrandsController - Error in function  Vehicle Type Id is not exists
2023-09-28 12:39:22,899 [8] INFO Microsoft.EntityFrameworkCore.Database.Command - Executed DbCommand (0ms) [Parameters=[@__id_0='?' (DbType = Int32)], CommandType='Text', CommandTimeout='30']
SELECT EXISTS (
    SELECT 1
    FROM `brand` AS `b`
    WHERE `b`.`BrandId` = @__id_0)
2023-09-28 12:39:22,902 [8] INFO Microsoft.EntityFrameworkCore.Database.Command - Executed DbCommand (0ms) [Parameters=[@__id_0='?' (DbType = Int32)], CommandType='Text', CommandTimeout='30']
SELECT EXISTS (
    SELECT 1
    FROM `vehicleType` AS `v`
    WHERE `v`.`VehicleTypeId` = @__id_0)
2023-09-28 12:39:22,931 [20] INFO Microsoft.EntityFrameworkCore.Database.Command - Executed DbCommand (25ms) [Parameters=[@p0='?' (DbType = Int32), @p1='?' (Size = 4000), @p2='?' (Size = 4000), @p3='?' (DbType = Boolean), @p4='?' (DbType = Int32), @p5='?' (DbType = Int32)], CommandType='Text', CommandTimeout='30']
SET AUTOCOMMIT = 1;
INSERT INTO `brand` (`BrandId`, `Brand`, `Description`, `IsActive`, `SortOrder`, `VehicleTypeId`)
VALUES (@p0, @p1, @p2, @p3, @p4, @p5);
2023-09-28 12:39:24,758 [17] INFO Microsoft.EntityFrameworkCore.Database.Command - Executed DbCommand (2ms) [Parameters=[], CommandType='Text', CommandTimeout='30']
SELECT `b`.`BrandId`, `b`.`Brand`, `b`.`Description`, `b`.`IsActive`, `b`.`SortOrder`, `b`.`VehicleTypeId`
FROM `brand` AS `b`
2023-09-28 12:39:26,991 [12] INFO Microsoft.EntityFrameworkCore.Database.Command - Executed DbCommand (2ms) [Parameters=[], CommandType='Text', CommandTimeout='30']
SELECT `m`.`Name`, `m`.`Description`, `m`.`Fields`
FROM `master_table_list` AS `m`
2023-09-28 12:39:28,715 [16] INFO Microsoft.EntityFrameworkCore.Database.Command - Executed DbCommand (4ms) [Parameters=[], CommandType='Text', CommandTimeout='30']
SELECT `v`.`VehicleTypeId`, `v`.`Description`, `v`.`IsActive`, `v`.`VehicleType`
FROM `vehicleType` AS `v`
2023-09-28 12:39:29,946 [16] INFO Microsoft.EntityFrameworkCore.Database.Command - Executed DbCommand (2ms) [Parameters=[], CommandType='Text', CommandTimeout='30']
SELECT `v`.`VehicleTypeId`, `v`.`Description`, `v`.`IsActive`, `v`.`VehicleType`
FROM `vehicleType` AS `v`
2023-09-28 12:39:31,156 [17] INFO Microsoft.EntityFrameworkCore.Database.Command - Executed DbCommand (1ms) [Parameters=[@__id_0='?' (DbType = Int32)], CommandType='Text', CommandTimeout='30']
SELECT EXISTS (
    SELECT 1
    FROM `vehicleType` AS `v`
    WHERE `v`.`VehicleTypeId` = @__id_0)
2023-09-28 12:39:31,161 [17] INFO Microsoft.EntityFrameworkCore.Database.Command - Executed DbCommand (0ms) [Parameters=[@__p_0='?' (DbType = Int32)], CommandType='Text', CommandTimeout='30']
SELECT `v`.`VehicleTypeId`, `v`.`Description`, `v`.`IsActive`, `v`.`VehicleType`
FROM `vehicleType` AS `v`
WHERE `v`.`VehicleTypeId` = @__p_0
LIMIT 1
2023-09-28 12:39:31,190 [17] ERROR Microsoft.EntityFrameworkCore.Database.Command - Failed executing DbCommand (12ms) [Parameters=[@p0='?' (DbType = Int32)], CommandType='Text', CommandTimeout='30']
SET AUTOCOMMIT = 1;
DELETE FROM `vehicleType`
WHERE `VehicleTypeId` = @p0;
SELECT ROW_COUNT();
2023-09-28 12:39:31,568 [17] ERROR Microsoft.EntityFrameworkCore.Update - An exception occurred in the database while saving changes for context type 'AutoPASSL.APASDBContext'.
Microsoft.EntityFrameworkCore.DbUpdateException: An error occurred while saving the entity changes. See the inner exception for details.
 ---> MySqlConnector.MySqlException (0x80004005): Cannot delete or update a parent row: a foreign key constraint fails (`apas`.`brand`, CONSTRAINT `VehicleType2Id` FOREIGN KEY (`VehicleTypeId`) REFERENCES `vehicletype` (`VehicleTypeId`))
   at MySqlConnector.Core.ResultSet.ReadResultSetHeaderAsync(IOBehavior ioBehavior) in /_/src/MySqlConnector/Core/ResultSet.cs:line 43
   at MySqlConnector.MySqlDataReader.ActivateResultSet(CancellationToken cancellationToken) in /_/src/MySqlConnector/MySqlDataReader.cs:line 130
   at MySqlConnector.MySqlDataReader.CreateAsync(CommandListPosition commandListPosition, ICommandPayloadCreator payloadCreator, IDictionary`2 cachedProcedures, IMySqlCommand command, CommandBehavior behavior, Activity activity, IOBehavior ioBehavior, CancellationToken cancellationToken) in /_/src/MySqlConnector/MySqlDataReader.cs:line 468
   at MySqlConnector.Core.CommandExecutor.ExecuteReaderAsync(IReadOnlyList`1 commands, ICommandPayloadCreator payloadCreator, CommandBehavior behavior, Activity activity, IOBehavior ioBehavior, CancellationToken cancellationToken) in /_/src/MySqlConnector/Core/CommandExecutor.cs:line 55
   at MySqlConnector.MySqlCommand.ExecuteReaderAsync(CommandBehavior behavior, IOBehavior ioBehavior, CancellationToken cancellationToken) in /_/src/MySqlConnector/MySqlCommand.cs:line 345
   at MySqlConnector.MySqlCommand.ExecuteDbDataReader(CommandBehavior behavior) in /_/src/MySqlConnector/MySqlCommand.cs:line 279
   at Microsoft.EntityFrameworkCore.Storage.RelationalCommand.ExecuteReader(RelationalCommandParameterObject parameterObject)
   at Microsoft.EntityFrameworkCore.Update.ReaderModificationCommandBatch.Execute(IRelationalConnection connection)
   --- End of inner exception stack trace ---
   at Microsoft.EntityFrameworkCore.Update.ReaderModificationCommandBatch.Execute(IRelationalConnection connection)
   at Microsoft.EntityFrameworkCore.Update.Internal.BatchExecutor.Execute(IEnumerable`1 commandBatches, IRelationalConnection connection)
   at Microsoft.EntityFrameworkCore.ChangeTracking.Internal.StateManager.SaveChanges(IList`1 entriesToSave)
   at Microsoft.EntityFrameworkCore.ChangeTracking.Internal.StateManager.SaveChanges(StateManager stateManager, Boolean acceptAllChangesOnSuccess)
   at Pomelo.EntityFrameworkCore.MySql.Storage.Internal.MySqlExecutionStrategy.Execute[TState,TResult](TState state, Func`3 operation, Func`3 verifySucceeded)
   at Microsoft.EntityFrameworkCore.ChangeTracking.Internal.StateManager.SaveChanges(Boolean acceptAllChangesOnSuccess)
   at Microsoft.EntityFrameworkCore.DbContext.SaveChanges(Boolean acceptAllChangesOnSuccess)
Microsoft.EntityFrameworkCore.DbUpdateException: An error occurred while saving the entity changes. See the inner exception for details.
 ---> MySqlConnector.MySqlException (0x80004005): Cannot delete or update a parent row: a foreign key constraint fails (`apas`.`brand`, CONSTRAINT `VehicleType2Id` FOREIGN KEY (`VehicleTypeId`) REFERENCES `vehicletype` (`VehicleTypeId`))
   at MySqlConnector.Core.ResultSet.ReadResultSetHeaderAsync(IOBehavior ioBehavior) in /_/src/MySqlConnector/Core/ResultSet.cs:line 43
   at MySqlConnector.MySqlDataReader.ActivateResultSet(CancellationToken cancellationToken) in /_/src/MySqlConnector/MySqlDataReader.cs:line 130
   at MySqlConnector.MySqlDataReader.CreateAsync(CommandListPosition commandListPosition, ICommandPayloadCreator payloadCreator, IDictionary`2 cachedProcedures, IMySqlCommand command, CommandBehavior behavior, Activity activity, IOBehavior ioBehavior, CancellationToken cancellationToken) in /_/src/MySqlConnector/MySqlDataReader.cs:line 468
   at MySqlConnector.Core.CommandExecutor.ExecuteReaderAsync(IReadOnlyList`1 commands, ICommandPayloadCreator payloadCreator, CommandBehavior behavior, Activity activity, IOBehavior ioBehavior, CancellationToken cancellationToken) in /_/src/MySqlConnector/Core/CommandExecutor.cs:line 55
   at MySqlConnector.MySqlCommand.ExecuteReaderAsync(CommandBehavior behavior, IOBehavior ioBehavior, CancellationToken cancellationToken) in /_/src/MySqlConnector/MySqlCommand.cs:line 345
   at MySqlConnector.MySqlCommand.ExecuteDbDataReader(CommandBehavior behavior) in /_/src/MySqlConnector/MySqlCommand.cs:line 279
   at Microsoft.EntityFrameworkCore.Storage.RelationalCommand.ExecuteReader(RelationalCommandParameterObject parameterObject)
   at Microsoft.EntityFrameworkCore.Update.ReaderModificationCommandBatch.Execute(IRelationalConnection connection)
   --- End of inner exception stack trace ---
   at Microsoft.EntityFrameworkCore.Update.ReaderModificationCommandBatch.Execute(IRelationalConnection connection)
   at Microsoft.EntityFrameworkCore.Update.Internal.BatchExecutor.Execute(IEnumerable`1 commandBatches, IRelationalConnection connection)
   at Microsoft.EntityFrameworkCore.ChangeTracking.Internal.StateManager.SaveChanges(IList`1 entriesToSave)
   at Microsoft.EntityFrameworkCore.ChangeTracking.Internal.StateManager.SaveChanges(StateManager stateManager, Boolean acceptAllChangesOnSuccess)
   at Pomelo.EntityFrameworkCore.MySql.Storage.Internal.MySqlExecutionStrategy.Execute[TState,TResult](TState state, Func`3 operation, Func`3 verifySucceeded)
   at Microsoft.EntityFrameworkCore.ChangeTracking.Internal.StateManager.SaveChanges(Boolean acceptAllChangesOnSuccess)
   at Microsoft.EntityFrameworkCore.DbContext.SaveChanges(Boolean acceptAllChangesOnSuccess)
2023-09-28 12:39:31,897 [17] INFO AutoPASAPI.Controllers.VehicleTypeController - Error in function  Vehicle Type
2023-09-28 12:39:38,775 [9] INFO Microsoft.EntityFrameworkCore.Database.Command - Executed DbCommand (3ms) [Parameters=[], CommandType='Text', CommandTimeout='30']
SELECT `m`.`Name`, `m`.`Description`, `m`.`Fields`
FROM `master_table_list` AS `m`
2023-09-28 12:40:18,362 [12] INFO Microsoft.EntityFrameworkCore.Database.Command - Executed DbCommand (2ms) [Parameters=[], CommandType='Text', CommandTimeout='30']
SELECT `m`.`Name`, `m`.`Description`, `m`.`Fields`
FROM `master_table_list` AS `m`
2023-09-28 12:40:26,370 [8] INFO Microsoft.EntityFrameworkCore.Database.Command - Executed DbCommand (6ms) [Parameters=[], CommandType='Text', CommandTimeout='30']
SELECT `m`.`Name`, `m`.`Description`, `m`.`Fields`
FROM `master_table_list` AS `m`
2023-09-28 12:40:27,848 [5] INFO Microsoft.EntityFrameworkCore.Database.Command - Executed DbCommand (2ms) [Parameters=[], CommandType='Text', CommandTimeout='30']
SELECT `m`.`Name`, `m`.`Description`, `m`.`Fields`
FROM `master_table_list` AS `m`
2023-09-28 12:40:30,296 [6] INFO Microsoft.EntityFrameworkCore.Database.Command - Executed DbCommand (13ms) [Parameters=[], CommandType='Text', CommandTimeout='30']
SELECT `m`.`Name`, `m`.`Description`, `m`.`Fields`
FROM `master_table_list` AS `m`
2023-09-28 12:40:37,885 [21] INFO Microsoft.EntityFrameworkCore.Database.Command - Executed DbCommand (2ms) [Parameters=[], CommandType='Text', CommandTimeout='30']
SELECT `m`.`Name`, `m`.`Description`, `m`.`Fields`
FROM `master_table_list` AS `m`
2023-09-28 12:40:44,797 [7] INFO Microsoft.EntityFrameworkCore.Database.Command - Executed DbCommand (2ms) [Parameters=[], CommandType='Text', CommandTimeout='30']
SELECT `m`.`Name`, `m`.`Description`, `m`.`Fields`
FROM `master_table_list` AS `m`
2023-09-28 12:40:47,714 [20] INFO Microsoft.EntityFrameworkCore.Database.Command - Executed DbCommand (2ms) [Parameters=[], CommandType='Text', CommandTimeout='30']
SELECT `m`.`Name`, `m`.`Description`, `m`.`Fields`
FROM `master_table_list` AS `m`
2023-09-28 12:40:51,349 [15] INFO Microsoft.EntityFrameworkCore.Database.Command - Executed DbCommand (2ms) [Parameters=[], CommandType='Text', CommandTimeout='30']
SELECT `m`.`Name`, `m`.`Description`, `m`.`Fields`
FROM `master_table_list` AS `m`
2023-09-28 12:40:52,611 [15] INFO Microsoft.EntityFrameworkCore.Database.Command - Executed DbCommand (2ms) [Parameters=[], CommandType='Text', CommandTimeout='30']
SELECT `m`.`Name`, `m`.`Description`, `m`.`Fields`
FROM `master_table_list` AS `m`
2023-09-28 12:40:54,880 [12] INFO Microsoft.EntityFrameworkCore.Database.Command - Executed DbCommand (1ms) [Parameters=[], CommandType='Text', CommandTimeout='30']
SELECT `m`.`Name`, `m`.`Description`, `m`.`Fields`
FROM `master_table_list` AS `m`
2023-09-28 12:40:57,670 [7] INFO Microsoft.EntityFrameworkCore.Database.Command - Executed DbCommand (2ms) [Parameters=[], CommandType='Text', CommandTimeout='30']
SELECT `m`.`Name`, `m`.`Description`, `m`.`Fields`
FROM `master_table_list` AS `m`
2023-09-28 12:41:05,679 [20] INFO Microsoft.EntityFrameworkCore.Database.Command - Executed DbCommand (3ms) [Parameters=[], CommandType='Text', CommandTimeout='30']
SELECT `m`.`Name`, `m`.`Description`, `m`.`Fields`
FROM `master_table_list` AS `m`
2023-09-28 12:41:07,009 [3] INFO Microsoft.EntityFrameworkCore.Database.Command - Executed DbCommand (4ms) [Parameters=[], CommandType='Text', CommandTimeout='30']
SELECT `m`.`Name`, `m`.`Description`, `m`.`Fields`
FROM `master_table_list` AS `m`
2023-09-28 12:41:19,566 [7] INFO Microsoft.EntityFrameworkCore.Database.Command - Executed DbCommand (2ms) [Parameters=[], CommandType='Text', CommandTimeout='30']
SELECT `b`.`BodyTypeId`, `b`.`BodyType`, `b`.`Description`, `b`.`IsActive`
FROM `bodyType` AS `b`
2023-09-28 12:41:23,870 [8] INFO Microsoft.EntityFrameworkCore.Database.Command - Executed DbCommand (2ms) [Parameters=[], CommandType='Text', CommandTimeout='30']
SELECT `m`.`Name`, `m`.`Description`, `m`.`Fields`
FROM `master_table_list` AS `m`
2023-09-28 12:41:25,956 [7] INFO Microsoft.EntityFrameworkCore.Database.Command - Executed DbCommand (1ms) [Parameters=[], CommandType='Text', CommandTimeout='30']
SELECT `b`.`BrandId`, `b`.`Brand`, `b`.`Description`, `b`.`IsActive`, `b`.`SortOrder`, `b`.`VehicleTypeId`
FROM `brand` AS `b`
2023-09-28 12:41:30,627 [7] INFO Microsoft.EntityFrameworkCore.Database.Command - Executed DbCommand (5ms) [Parameters=[], CommandType='Text', CommandTimeout='30']
SELECT `b`.`BrandId`, `b`.`Brand`, `b`.`Description`, `b`.`IsActive`, `b`.`SortOrder`, `b`.`VehicleTypeId`
FROM `brand` AS `b`
2023-09-28 12:41:33,307 [5] INFO Microsoft.EntityFrameworkCore.Database.Command - Executed DbCommand (1ms) [Parameters=[@__id_0='?' (DbType = Int32)], CommandType='Text', CommandTimeout='30']
SELECT EXISTS (
    SELECT 1
    FROM `brand` AS `b`
    WHERE `b`.`BrandId` = @__id_0)
2023-09-28 12:41:33,312 [5] INFO Microsoft.EntityFrameworkCore.Database.Command - Executed DbCommand (0ms) [Parameters=[@__p_0='?' (DbType = Int32)], CommandType='Text', CommandTimeout='30']
SELECT `b`.`BrandId`, `b`.`Brand`, `b`.`Description`, `b`.`IsActive`, `b`.`SortOrder`, `b`.`VehicleTypeId`
FROM `brand` AS `b`
WHERE `b`.`BrandId` = @__p_0
LIMIT 1
2023-09-28 12:41:33,319 [5] INFO Microsoft.EntityFrameworkCore.Database.Command - Executed DbCommand (3ms) [Parameters=[@p0='?' (DbType = Int32)], CommandType='Text', CommandTimeout='30']
SET AUTOCOMMIT = 1;
DELETE FROM `brand`
WHERE `BrandId` = @p0;
SELECT ROW_COUNT();
2023-09-28 12:41:38,269 [15] INFO Microsoft.EntityFrameworkCore.Database.Command - Executed DbCommand (2ms) [Parameters=[], CommandType='Text', CommandTimeout='30']
SELECT `m`.`Name`, `m`.`Description`, `m`.`Fields`
FROM `master_table_list` AS `m`
2023-09-28 12:41:40,355 [15] INFO Microsoft.EntityFrameworkCore.Database.Command - Executed DbCommand (6ms) [Parameters=[], CommandType='Text', CommandTimeout='30']
SELECT `v`.`VehicleTypeId`, `v`.`Description`, `v`.`IsActive`, `v`.`VehicleType`
FROM `vehicleType` AS `v`
2023-09-28 12:41:45,461 [3] INFO Microsoft.EntityFrameworkCore.Database.Command - Executed DbCommand (4ms) [Parameters=[], CommandType='Text', CommandTimeout='30']
SELECT `m`.`Name`, `m`.`Description`, `m`.`Fields`
FROM `master_table_list` AS `m`
